129761.750 1
129762.000 2
129762.250 3
129762.500 4
129762.750 5
129763.000 6
129763.250 7
129763.500 8
129763.750 9
129764.000 10
129764.250 11
129764.500 12
129764.750 13
129765.000 14
129765.250 15
129765.500 16
129765.750 17
129766.000 18
129766.250 19
129766.500 20
129766.750 21
129767.000 22
129767.250 23
129767.500 24
129767.750 25
129768.000 26
129768.250 27
129768.500 28
129768.750 29
129769.000 30
129769.250 31
129769.500 32
129769.750 33
129770.000 34
129770.250 35
129770.500 36
129770.750 37
129771.000 38
129771.250 39
129771.500 40
129771.750 41
129772.000 42
129772.250 43
129772.500 44
129772.750 45
129773.000 46
129773.250 47
129773.500 48
129773.750 49
129774.000 50
129774.250 51
129774.500 52
129774.750 53
129775.000 54
129775.250 55
129775.500 56
129775.750 57
129776.000 58
129776.250 59
129776.500 60
129776.750 61
129777.000 62
129777.250 63
129777.500 64
129777.750 65
129778.000 66
129778.250 67
129778.500 68
129778.750 69
129779.000 70
129779.250 71
129779.500 72
129779.750 73
129780.000 74
129780.250 75
129780.500 76
129780.750 77
129781.000 78
129781.250 79
129781.500 80
129781.750 81
129782.000 82
129782.250 83
129782.500 84
129782.750 85
129783.000 86
129783.250 87
129783.500 88
129783.750 89
129784.000 90
129784.250 91
129784.500 92
129784.750 93
129785.000 94
129785.250 95
129785.500 96
129785.750 97
129786.000 98
129786.250 99
129786.500 100
129786.750 101
129787.000 102
129787.250 103
129787.500 104
129787.750 105
129788.000 106
129788.250 107
129788.500 108
129788.750 109
129789.000 110
129789.250 111
129789.500 112
129789.750 113
129790.000 114
129791.750 115
129791.750 116
129792.000 117
129792.000 118
129792.000 119
129792.250 120
129792.250 121
129792.500 122
129792.500 123
129792.500 124
129792.750 125
129793.000 126
129793.250 127
129793.500 128
129793.750 129
129794.000 130
129794.250 131
129794.500 132
129794.750 133
129795.000 134
129795.250 135
129795.500 136
129795.750 137
129796.000 138
129796.250 139
129796.500 140
129796.750 141
129797.000 142
129797.250 143
129797.500 144
129797.750 145
129798.000 146
129798.250 147
129798.500 148
129798.750 149
129799.000 150
129799.250 151
129799.500 152
129799.750 153
129800.000 154
129800.250 155
129800.500 156
129800.750 157
129801.000 158
129801.250 159
129801.500 160
129801.750 161
129802.000 162
129802.250 163
129802.500 164
129802.750 165
129803.000 166
129803.250 167
129803.500 168
129803.750 169
129804.000 170
129804.250 171
129804.500 172
129804.750 173
129805.000 174
129805.250 175
129805.500 176
129805.750 177
129806.000 178
129806.250 179
129806.500 180
129806.750 181
129807.000 182
129807.250 183
129807.500 184
129807.750 185
129808.000 186
129808.250 187
129808.500 188
129808.750 189
129809.000 190
129809.250 191
129809.500 192
129809.750 193
129810.000 194
129810.250 195
129810.500 196
129810.750 197
129811.000 198
129811.250 199
129811.500 200
129811.750 201
129812.000 202
129812.250 203
129812.500 204
129812.750 205
129813.000 206
129813.250 207
129813.500 208
129813.750 209
129814.000 210
129814.250 211
129814.500 212
129814.750 213
129815.000 214
129815.250 215
129815.500 216
129815.750 217
129816.000 218
129816.250 219
129816.500 220
129816.750 221
129817.000 222
129817.250 223
129817.500 224
129817.750 225
129818.000 226
129818.250 227
129818.500 228
129818.750 229
129819.000 230
129819.250 231
129819.500 232
129819.750 233
129820.000 234
129820.250 235
129820.500 236
129820.750 237
129821.000 238
129821.250 239
129821.500 240
129821.750 241
129822.000 242
129822.250 243
129822.500 244
129822.750 245
129823.000 246
129823.250 247
129823.500 248
129823.750 249
129824.000 250
129824.250 251
129824.500 252
129824.750 253
129825.000 254
129825.250 255
129825.500 256
129825.750 257
129826.000 258
129826.250 259
129826.500 260
129826.750 261
129827.000 262
129827.250 263
129827.500 264
129827.750 265
129828.000 266
129828.250 267
129828.500 268
129828.750 269
129829.000 270
129829.250 271
129829.500 272
129829.750 273
129830.000 274
129830.250 275
129830.500 276
129830.750 277
129831.000 278
129831.250 279
129831.500 280
129831.750 281
129832.000 282
129832.250 283
129832.500 284
129832.750 285
129833.000 286
129833.250 287
129833.500 288
129833.750 289
129834.000 290
129834.250 291
129834.500 292
129834.750 293
129835.000 294
129835.250 295
129835.500 296
129835.750 297
129836.000 298
129836.250 299
129836.500 300
129836.750 301
129837.000 302
129837.250 303
129837.500 304
129837.750 305
129838.000 306
129838.250 307
129838.500 308
129838.750 309
129839.000 310
129839.250 311
129839.500 312
129839.750 313
129840.000 314
129840.250 315
129840.500 316
129840.750 317
129841.000 318
129841.250 319
129841.500 320
129841.750 321
129842.000 322
129842.250 323
129842.500 324
129842.750 325
129843.000 326
129843.250 327
129843.500 328
129843.750 329
129844.000 330
129844.250 331
129844.500 332
129844.750 333
129845.000 334
129845.250 335
129845.500 336
129845.750 337
129846.000 338
129846.250 339
129846.500 340
129846.750 341
129847.000 342
129847.250 343
129847.500 344
129847.750 345
129848.000 346
129848.250 347
129848.500 348
129848.750 349
129849.000 350
129849.250 351
129849.500 352
129849.750 353
129850.000 354
129850.250 355
129850.500 356
129850.750 357
129851.000 358
129851.250 359
129851.500 360
129851.750 361
129852.000 362
129852.250 363
129852.500 364
129852.750 365
129853.000 366
129853.250 367
129853.500 368
129853.750 369
129854.000 370
129854.250 371
129854.500 372
129854.750 373
129855.000 374
129855.250 375
129855.500 376
129855.750 377
129856.000 378
129856.250 379
129856.500 380
129856.750 381
129857.000 382
129857.250 383
129857.500 384
129857.750 385
129858.000 386
129858.250 387
129858.500 388
129858.750 389
129859.000 390
129859.250 391
129859.500 392
129859.750 393
129860.000 394
129860.250 395
129860.500 396
129860.750 397
129861.000 398
129861.250 399
129861.500 400
129861.750 401
129862.000 402
129862.250 403
129862.500 404
129862.750 405
129863.000 406
129863.250 407
129863.500 408
129863.750 409
129864.000 410
129864.250 411
129864.500 412
129864.750 413
129865.000 414
129865.250 415
129865.500 416
129865.750 417
129866.000 418
129866.250 419
129866.500 420
129866.750 421
129867.000 422
129867.250 423
129867.500 424
129867.750 425
129868.000 426
129868.250 427
129868.500 428
129868.750 429
129869.000 430
129869.250 431
129869.500 432
129869.750 433
129870.000 434
129870.250 435
129870.500 436
129870.750 437
129871.000 438
129871.250 439
129871.500 440
129871.750 441
129872.000 442
129872.250 443
129872.500 444
129872.750 445
129873.000 446
129873.250 447
129873.500 448
129873.750 449
129874.000 450
129874.250 451
129874.500 452
129874.750 453
129875.000 454
129875.250 455
129875.500 456
129875.750 457
129876.000 458
129876.250 459
129876.500 460
129876.750 461
129877.000 462
129877.250 463
129877.500 464
129877.750 465
129878.000 466
129878.250 467
129878.500 468
129878.750 469
129879.000 470
129879.250 471
129879.500 472
129879.750 473
129880.000 474
129880.250 475
129880.500 476
129880.750 477
129881.000 478
129881.250 479
129881.500 480
129881.750 481
129882.000 482
129882.250 483
129882.500 484
129882.750 485
129883.000 486
129883.250 487
129883.500 488
129883.750 489
129884.000 490
129884.250 491
129884.500 492
129884.750 493
129885.000 494
129885.250 495
129885.500 496
129885.750 497
129886.000 498
129886.250 499
129886.500 500
129886.750 501
129887.000 502
129887.250 503
129887.500 504
129887.750 505
129888.000 506
129888.250 507
129888.500 508
129888.750 509
129889.000 510
129889.250 511
129889.500 512
129889.750 513
129890.000 514
129890.250 515
129890.500 516
129890.750 517
129891.000 518
129891.250 519
129891.500 520
129891.750 521
129892.000 522
129892.250 523
129892.500 524
129892.750 525
129893.000 526
129893.250 527
129893.500 528
129893.750 529
129894.000 530
129894.250 531
129894.500 532
129894.750 533
129895.000 534
129895.250 535
129895.500 536
129895.750 537
129896.000 538
129896.250 539
129896.500 540
129896.750 541
129897.000 542
129897.250 543
129897.500 544
129897.750 545
129898.000 546
129898.250 547
129898.500 548
129898.750 549
129899.000 550
129899.250 551
129899.500 552
129899.750 553
129900.000 554
129900.250 555
129900.500 556
129900.750 557
129901.000 558
129901.250 559
129901.500 560
129901.750 561
129902.000 562
129902.250 563
129902.500 564
129902.750 565
129903.000 566
129903.250 567
129903.500 568
129903.750 569
129904.000 570
129904.250 571
129904.500 572
129904.750 573
129905.000 574
129905.250 575
129905.500 576
129905.750 577
129906.000 578
129906.250 579
129906.500 580
129906.750 581
129907.000 582
129907.250 583
129907.500 584
129907.750 585
129908.000 586
129908.250 587
129908.500 588
129908.750 589
129909.000 590
129909.250 591
129909.500 592
129909.750 593
129910.000 594
129910.250 595
129910.500 596
129910.750 597
129911.000 598
129911.250 599
129911.500 600
129911.750 601
129912.000 602
129912.250 603
129912.500 604
129912.750 605
129913.000 606
129913.250 607
129913.500 608
129913.750 609
129914.000 610
129914.250 611
129914.500 612
129914.750 613
129915.000 614
129915.250 615
129915.500 616
129915.750 617
129916.000 618
129916.250 619
129916.500 620
129916.750 621
129917.000 622
129917.250 623
129917.500 624
129917.750 625
129918.000 626
129918.250 627
129918.500 628
129918.750 629
129919.000 630
129919.250 631
129919.500 632
129919.750 633
129920.000 634
129920.250 635
129920.500 636
129920.750 637
129921.000 638
129921.250 639
129921.500 640
129921.750 641
129922.000 642
129922.250 643
129922.500 644
129922.750 645
129923.000 646
129923.250 647
129923.500 648
129923.750 649
129924.000 650
129924.250 651
129924.500 652
129924.750 653
129925.000 654
129925.250 655
129925.500 656
129925.750 657
129926.000 658
129926.250 659
129926.500 660
129926.750 661
129927.000 662
129927.250 663
129927.500 664
129927.750 665
129928.000 666
129928.250 667
129928.500 668
129928.750 669
129929.000 670
129929.250 671
129929.500 672
129929.750 673
129930.000 674
129930.250 675
129930.500 676
129930.750 677
129931.000 678
129931.250 679
129931.500 680
129931.750 681
129932.000 682
129932.250 683
129932.500 684
129932.750 685
129933.000 686
129933.250 687
129933.500 688
129933.750 689
129934.000 690
129934.250 691
129934.500 692
129934.750 693
129935.000 694
129935.250 695
129935.500 696
129935.750 697
129936.000 698
129936.250 699
129936.500 700
129936.750 701
129937.000 702
129937.250 703
129937.500 704
129937.750 705
129938.000 706
129938.250 707
129938.500 708
129938.750 709
129939.000 710
129939.250 711
129939.500 712
129939.750 713
129940.000 714
129940.250 715
129940.500 716
129940.750 717
129941.000 718
129941.250 719
129941.500 720
129941.750 721
129942.000 722
129942.250 723
129942.500 724
129942.750 725
129943.000 726
129943.250 727
129943.500 728
129943.750 729
129944.000 730
129944.250 731
129944.500 732
129944.750 733
129945.000 734
129945.250 735
129945.500 736
129945.750 737
129946.000 738
129946.250 739
129946.500 740
129946.750 741
129947.000 742
129947.250 743
129947.500 744
129947.750 745
129948.000 746
129948.250 747
129948.500 748
129948.750 749
129949.000 750
129949.250 751
129949.500 752
129949.750 753
129950.000 754
129950.250 755
129950.500 756
129950.750 757
129951.000 758
129951.250 759
129951.500 760
129951.750 761
129952.000 762
129952.250 763
129952.500 764
129952.750 765
129953.000 766
129953.250 767
129953.500 768
129953.750 769
129954.000 770
129954.250 771
129954.500 772
129954.750 773
129955.000 774
129955.250 775
129955.500 776
129955.750 777
129956.000 778
129956.250 779
129956.500 780
129956.750 781
129957.000 782
129957.250 783
129957.500 784
129957.750 785
129958.000 786
129958.250 787
129958.500 788
129958.750 789
129959.000 790
129959.250 791
129959.500 792
129959.750 793
129960.000 794
129960.250 795
129960.500 796
129960.750 797
129961.000 798
129961.250 799
129961.500 800
129961.750 801
129962.000 802
129962.250 803
129962.500 804
129962.750 805
129963.000 806
129963.250 807
129963.500 808
129963.750 809
129964.000 810
129964.250 811
129964.500 812
129964.750 813
129965.000 814
129965.250 815
129965.500 816
129965.750 817
129966.000 818
129966.250 819
129966.500 820
129966.750 821
129967.000 822
129967.250 823
129967.500 824
129967.750 825
129968.000 826
129968.250 827
129968.500 828
129968.750 829
129969.000 830
129969.250 831
129969.500 832
129969.750 833
129970.000 834
129970.250 835
129970.500 836
129970.750 837
129971.000 838
129971.250 839
129971.500 840
129971.750 841
129972.000 842
129972.250 843
129972.500 844
129972.750 845
129973.000 846
129973.250 847
129973.500 848
129973.750 849
129974.000 850
129974.250 851
129974.500 852
129974.750 853
129975.000 854
129975.250 855
129975.500 856
129975.750 857
129976.000 858
129976.250 859
129976.500 860
129976.750 861
129977.000 862
129977.250 863
129977.500 864
129977.750 865
129978.000 866
129978.250 867
129978.500 868
129978.750 869
129979.000 870
129979.250 871
129979.500 872
129979.750 873
129980.000 874
129980.250 875
129980.500 876
129980.750 877
129981.000 878
129981.250 879
129981.500 880
129981.750 881
129982.000 882
129982.250 883
129982.500 884
129982.750 885
129983.000 886
129983.250 887
129983.500 888
129983.750 889
129984.000 890
129984.250 891
129984.500 892
129984.750 893
129985.000 894
129985.250 895
129985.500 896
129985.750 897
129986.000 898
129986.250 899
129986.500 900
129986.750 901
129987.000 902
129987.250 903
129987.500 904
129987.750 905
129988.000 906
129988.250 907
129988.500 908
129988.750 909
129989.000 910
129989.250 911
129989.500 912
129989.750 913
129990.000 914
129990.250 915
129990.500 916
129990.750 917
129991.000 918
129991.250 919
129991.500 920
129991.750 921
129992.000 922
129992.250 923
129992.500 924
129992.750 925
129993.000 926
129993.250 927
129993.500 928
129993.750 929
129994.000 930
129994.250 931
129994.500 932
129994.750 933
129995.000 934
129995.250 935
129995.500 936
129995.750 937
129996.000 938
129996.250 939
129996.500 940
129996.750 941
129997.000 942
129997.250 943
129997.500 944
129997.750 945
129998.000 946
129998.250 947
129998.500 948
129998.750 949
129999.000 950
129999.250 951
129999.500 952
129999.750 953
130000.000 954
130000.250 955
130000.500 956
130000.750 957
130001.000 958
130001.250 959
130001.500 960
130001.750 961
130002.000 962
130002.250 963
130002.500 964
130002.750 965
130003.000 966
130003.250 967
130003.500 968
130003.750 969
130004.000 970
130004.250 971
130004.500 972
130004.750 973
130005.000 974
130005.250 975
130005.500 976
130005.750 977
130006.000 978
130006.250 979
130006.500 980
130006.750 981
130007.000 982
130007.250 983
130007.500 984
130007.750 985
130008.000 986
130008.250 987
130008.500 988
130008.750 989
130009.000 990
130009.250 991
130009.500 992
130009.750 993
130010.000 994
130010.250 995
130010.500 996
130010.750 997
130011.000 998
130011.250 999
130011.500 1000
130011.750 1001
130012.000 1002
130012.250 1003
130012.500 1004
130012.750 1005
130013.000 1006
130013.250 1007
130013.500 1008
130013.750 1009
130014.000 1010
130014.250 1011
130014.500 1012
130014.750 1013
130015.000 1014
130015.250 1015
130015.500 1016
130015.750 1017
130016.000 1018
130016.250 1019
130016.500 1020
130016.750 1021
130017.000 1022
130017.250 1023
130017.500 1024
130017.750 1025
130018.000 1026
130018.250 1027
130018.500 1028
130018.750 1029
130019.000 1030
130019.250 1031
130019.500 1032
130019.750 1033
130020.000 1034
130020.250 1035
130020.500 1036
130020.750 1037
130021.000 1038
130021.250 1039
130021.500 1040
130021.750 1041
130022.000 1042
130022.250 1043
130022.500 1044
130022.750 1045
130023.000 1046
130023.250 1047
130023.500 1048
130023.750 1049
130024.000 1050
130024.250 1051
130024.500 1052
130024.750 1053
130025.000 1054
130025.250 1055
130025.500 1056
130025.750 1057
130026.000 1058
130026.250 1059
130026.500 1060
130026.750 1061
130027.000 1062
130027.250 1063
130027.500 1064
130027.750 1065
130028.000 1066
130028.250 1067
130028.500 1068
130028.750 1069
130029.000 1070
130029.250 1071
130029.500 1072
130029.750 1073
130030.000 1074
130030.250 1075
130030.500 1076
130030.750 1077
130031.000 1078
130031.250 1079
130031.500 1080
130031.750 1081
130032.000 1082
130032.250 1083
130032.500 1084
130032.750 1085
130033.000 1086
130033.250 1087
130033.500 1088
130033.750 1089
130034.000 1090
130034.250 1091
130034.500 1092
130034.750 1093
130035.000 1094
130035.250 1095
130035.500 1096
130035.750 1097
130036.000 1098
130036.250 1099
130036.500 1100
130036.750 1101
130037.000 1102
130037.250 1103
130037.500 1104
130037.750 1105
130038.000 1106
130038.250 1107
130038.500 1108
130038.750 1109
130039.000 1110
130039.250 1111
130039.500 1112
130039.750 1113
130040.000 1114
130040.250 1115
130040.500 1116
130040.750 1117
130041.000 1118
130041.250 1119
130041.500 1120
130041.750 1121
130042.000 1122
130042.250 1123
130042.500 1124
130042.750 1125
130043.000 1126
130043.250 1127
130043.500 1128
130043.750 1129
130044.000 1130
130044.250 1131
130044.500 1132
130044.750 1133
130045.000 1134
130045.250 1135
130045.500 1136
130045.750 1137
130046.000 1138
130046.250 1139
130046.500 1140
130046.750 1141
130047.000 1142
130047.250 1143
130047.500 1144
130047.750 1145
130048.000 1146
130048.250 1147
130048.500 1148
130048.750 1149
130049.000 1150
130049.250 1151
130049.500 1152
130049.750 1153
130050.000 1154
130050.250 1155
130050.500 1156
130050.750 1157
130051.000 1158
130051.250 1159
130051.500 1160
130051.750 1161
130052.000 1162
130052.250 1163
130052.500 1164
130052.750 1165
130053.000 1166
130053.250 1167
130053.500 1168
130053.750 1169
130054.000 1170
130054.250 1171
130054.500 1172
130054.750 1173
130055.000 1174
130055.250 1175
130055.500 1176
130055.750 1177
130056.000 1178
130056.250 1179
130056.500 1180
130056.750 1181
130057.000 1182
130057.250 1183
130057.500 1184
130057.750 1185
130058.000 1186
130058.250 1187
130058.500 1188
130058.750 1189
130059.000 1190
130059.250 1191
130059.500 1192
130059.750 1193
130060.000 1194
130060.250 1195
130060.500 1196
130060.750 1197
130061.000 1198
130061.250 1199
130061.500 1200
130061.750 1201
130062.000 1202
130062.250 1203
130062.500 1204
130062.750 1205
130063.000 1206
130063.250 1207
130063.500 1208
130063.750 1209
130064.000 1210
130064.250 1211
130064.500 1212
130064.750 1213
130065.000 1214
130065.250 1215
130065.500 1216
130065.750 1217
130066.000 1218
130066.250 1219
130066.500 1220
130066.750 1221
130067.000 1222
130067.250 1223
130067.500 1224
130067.750 1225
130068.000 1226
130068.250 1227
130068.500 1228
130068.750 1229
130069.000 1230
130069.250 1231
130069.500 1232
130069.750 1233
130070.000 1234
130070.250 1235
130070.500 1236
130070.750 1237
130071.000 1238
130071.250 1239
130071.500 1240
130071.750 1241
130072.000 1242
130072.250 1243
130072.500 1244
130072.750 1245
130073.000 1246
130073.250 1247
130073.500 1248
130073.750 1249
130074.000 1250
130074.250 1251
130074.500 1252
130074.750 1253
130075.000 1254
130075.250 1255
130075.500 1256
130075.750 1257
130076.000 1258
130076.250 1259
130076.500 1260
130076.750 1261
130077.000 1262
130077.250 1263
130077.500 1264
130077.750 1265
130078.000 1266
130078.250 1267
130078.500 1268
130078.750 1269
130079.000 1270
130079.250 1271
130079.500 1272
130079.750 1273
130080.000 1274
130080.250 1275
130080.500 1276
130080.750 1277
130081.000 1278
130081.250 1279
130081.500 1280
130081.750 1281
130082.000 1282
130082.250 1283
130082.500 1284
130082.750 1285
130083.000 1286
130083.250 1287
130083.500 1288
130083.750 1289
130084.000 1290
130084.250 1291
130084.500 1292
130084.750 1293
130085.000 1294
130085.250 1295
130085.500 1296
130085.750 1297
130086.000 1298
130086.250 1299
130086.500 1300
130086.750 1301
130087.000 1302
130087.250 1303
130087.500 1304
130087.750 1305
130088.000 1306
130088.250 1307
130088.500 1308
130088.750 1309
130089.000 1310
130089.250 1311
130089.500 1312
130089.750 1313
130090.000 1314
130090.250 1315
130090.500 1316
130090.750 1317
130091.000 1318
130091.250 1319
130091.500 1320
130091.750 1321
130092.000 1322
130092.250 1323
130092.500 1324
130092.750 1325
130093.000 1326
130093.250 1327
130093.500 1328
130093.750 1329
130094.000 1330
130094.250 1331
130094.500 1332
130094.750 1333
130095.000 1334
130095.250 1335
130095.500 1336
130095.750 1337
130096.000 1338
130096.250 1339
130096.500 1340
130096.750 1341
130097.000 1342
130097.250 1343
130097.500 1344
130097.750 1345
130098.000 1346
130098.250 1347
130098.500 1348
130098.750 1349
130099.000 1350
130099.250 1351
130099.500 1352
130099.750 1353
130100.000 1354
130100.250 1355
130100.500 1356
130100.750 1357
130101.000 1358
130101.250 1359
130101.500 1360
130101.750 1361
130102.000 1362
130102.250 1363
130102.500 1364
130102.750 1365
130103.000 1366
130103.250 1367
130103.500 1368
130103.750 1369
130104.000 1370
130104.250 1371
130104.500 1372
130104.750 1373
130105.000 1374
130105.250 1375
130105.500 1376
130105.750 1377
130106.000 1378
130106.250 1379
130106.500 1380
130106.750 1381
130107.000 1382
130107.250 1383
130107.500 1384
130107.750 1385
130108.000 1386
130108.250 1387
130108.500 1388
130108.750 1389
130109.000 1390
130109.250 1391
130109.500 1392
130109.750 1393
130110.000 1394
130110.250 1395
130110.500 1396
130110.750 1397
130111.000 1398
130111.250 1399
130111.500 1400
130111.750 1401
130112.000 1402
130112.250 1403
130112.500 1404
130112.750 1405
130113.000 1406
130113.250 1407
130113.500 1408
130113.750 1409
130114.000 1410
130114.250 1411
130114.500 1412
130114.750 1413
130115.000 1414
130115.250 1415
130115.500 1416
130115.750 1417
130116.000 1418
130116.250 1419
130116.500 1420
130116.750 1421
130117.000 1422
130117.250 1423
130117.500 1424
130117.750 1425
130118.000 1426
130118.250 1427
130118.500 1428
130118.750 1429
130119.000 1430
130119.250 1431
130119.500 1432
130119.750 1433
130120.000 1434
130120.250 1435
130120.500 1436
130120.750 1437
130121.000 1438
130121.250 1439
130121.500 1440
130121.750 1441
130122.000 1442
130122.250 1443
130122.500 1444
130122.750 1445
130123.000 1446
130123.250 1447
130123.500 1448
130123.750 1449
130124.000 1450
130124.250 1451
130124.500 1452
130124.750 1453
130125.000 1454
130125.250 1455
130125.500 1456
130125.750 1457
130126.000 1458
130126.250 1459
130126.500 1460
130126.750 1461
130127.000 1462
130127.250 1463
130127.500 1464
130127.750 1465
130128.000 1466
130128.250 1467
130128.500 1468
130128.750 1469
130129.000 1470
130129.250 1471
130129.500 1472
130129.750 1473
130130.000 1474
130130.250 1475
130130.500 1476
130130.750 1477
130131.000 1478
130131.250 1479
130131.500 1480
130131.750 1481
130132.000 1482
130132.250 1483
130132.500 1484
130132.750 1485
130133.000 1486
130133.250 1487
130133.500 1488
130133.750 1489
130134.000 1490
130134.250 1491
130134.500 1492
130134.750 1493
130135.000 1494
130135.250 1495
130135.500 1496
130135.750 1497
130136.000 1498
130136.250 1499
130136.500 1500
130136.750 1501
130137.000 1502
130137.250 1503
130137.500 1504
130137.750 1505
130138.000 1506
130138.250 1507
130138.500 1508
130138.750 1509
130139.000 1510
130139.250 1511
130139.500 1512
130139.750 1513
130140.000 1514
130140.250 1515
130140.500 1516
130140.750 1517
130141.000 1518
130141.250 1519
130141.500 1520
130141.750 1521
130142.000 1522
130142.250 1523
130142.500 1524
130142.750 1525
130143.000 1526
130143.250 1527
130143.500 1528
130143.750 1529
130144.000 1530
130144.250 1531
130144.500 1532
130144.750 1533
130145.000 1534
130145.250 1535
130145.500 1536
130145.750 1537
130146.000 1538
130146.250 1539
130146.500 1540
130146.750 1541
130147.000 1542
130147.250 1543
130147.500 1544
130147.750 1545
130148.000 1546
130148.250 1547
130148.500 1548
130148.750 1549
130149.000 1550
130149.250 1551
130149.500 1552
130149.750 1553
130150.000 1554
130150.250 1555
130150.500 1556
130150.750 1557
130151.000 1558
130151.250 1559
130151.500 1560
130151.750 1561
130152.000 1562
130152.250 1563
130152.500 1564
130152.750 1565
130153.000 1566
130153.250 1567
130153.500 1568
130153.750 1569
130154.000 1570
130154.250 1571
130154.500 1572
130154.750 1573
130155.000 1574
130155.250 1575
130155.500 1576
130155.750 1577
130156.000 1578
130156.250 1579
130156.500 1580
130156.750 1581
130157.000 1582
130157.250 1583
130157.500 1584
130157.750 1585
130158.000 1586
130158.250 1587
130158.500 1588
130158.750 1589
130159.000 1590
130159.250 1591
130159.500 1592
130159.750 1593
130160.000 1594
130160.250 1595
130160.500 1596
130160.750 1597
130161.000 1598
130161.250 1599
130161.500 1600
130161.750 1601
130162.000 1602
130162.250 1603
130162.500 1604
130162.750 1605
130163.000 1606
130163.250 1607
130163.500 1608
130163.750 1609
130164.000 1610
130164.250 1611
130164.500 1612
130164.750 1613
130165.000 1614
130165.250 1615
130165.500 1616
130165.750 1617
130166.000 1618
130166.250 1619
130166.500 1620
130166.750 1621
130167.000 1622
130167.250 1623
130167.500 1624
130167.750 1625
130168.000 1626
130168.250 1627
130168.500 1628
130168.750 1629
130169.000 1630
130169.250 1631
130169.500 1632
130169.750 1633
130170.000 1634
130170.250 1635
130170.500 1636
130170.750 1637
130171.000 1638
130171.250 1639
130171.500 1640
130171.750 1641
130172.000 1642
130172.250 1643
130172.500 1644
130172.750 1645
130173.000 1646
130173.250 1647
130173.500 1648
130173.750 1649
130174.000 1650
130174.250 1651
130174.500 1652
130174.750 1653
130175.000 1654
130175.250 1655
130175.500 1656
130175.750 1657
130176.000 1658
130176.250 1659
130176.500 1660
130176.750 1661
130177.000 1662
130177.250 1663
130177.500 1664
130177.750 1665
130178.000 1666
130178.250 1667
130178.500 1668
130178.750 1669
130179.000 1670
130179.250 1671
130179.500 1672
130179.750 1673
130180.000 1674
130180.250 1675
130180.500 1676
130180.750 1677
130181.000 1678
130181.250 1679
130181.500 1680
130181.750 1681
130182.000 1682
130182.250 1683
130182.500 1684
130182.750 1685
130183.000 1686
130183.250 1687
130183.500 1688
130183.750 1689
130184.000 1690
130184.250 1691
130184.500 1692
130184.750 1693
130185.000 1694
130185.250 1695
130185.500 1696
130185.750 1697
130186.000 1698
130186.250 1699
130186.500 1700
130186.750 1701
130187.000 1702
130187.250 1703
130187.500 1704
130187.750 1705
130188.000 1706
130188.250 1707
130188.500 1708
130188.750 1709
130189.000 1710
130189.250 1711
130189.500 1712
130189.750 1713
130190.000 1714
130190.250 1715
130190.500 1716
130190.750 1717
130191.000 1718
130191.250 1719
130191.500 1720
130191.750 1721
130192.000 1722
130192.250 1723
130192.500 1724
130192.750 1725
130193.000 1726
130193.250 1727
130193.500 1728
130193.750 1729
130194.000 1730
130194.250 1731
130194.500 1732
130194.750 1733
130195.000 1734
130195.250 1735
130195.500 1736
130195.750 1737
130196.000 1738
130196.250 1739
130196.500 1740
130196.750 1741
130197.000 1742
130197.250 1743
130197.500 1744
130197.750 1745
130198.000 1746
130198.250 1747
130198.500 1748
130198.750 1749
130199.000 1750
130199.250 1751
130199.500 1752
130199.750 1753
130200.000 1754
130200.250 1755
130200.500 1756
130200.750 1757
130201.000 1758
130201.250 1759
130201.500 1760
130201.750 1761
130202.000 1762
130202.250 1763
130202.500 1764
130202.750 1765
130203.000 1766
130203.250 1767
130203.500 1768
130203.750 1769
130204.000 1770
130204.250 1771
130204.500 1772
130204.750 1773
130205.000 1774
130205.250 1775
130205.500 1776
130205.750 1777
130206.000 1778
130206.250 1779
130206.500 1780
130206.750 1781
130207.000 1782
130207.250 1783
130207.500 1784
130207.750 1785
130208.000 1786
130208.250 1787
130208.500 1788
130208.750 1789
130209.000 1790
130209.250 1791
130209.500 1792
130209.750 1793
130210.000 1794
130210.250 1795
130210.500 1796
130210.750 1797
130211.000 1798
130211.250 1799
130211.500 1800
130211.750 1801
130212.000 1802
130212.250 1803
130212.500 1804
130212.750 1805
130213.000 1806
130213.250 1807
130213.500 1808
130213.750 1809
130214.000 1810
130214.250 1811
130214.500 1812
130214.750 1813
130215.000 1814
130215.250 1815
130215.500 1816
130215.750 1817
130216.000 1818
130216.250 1819
130216.500 1820
130216.750 1821
130217.000 1822
130217.250 1823
130217.500 1824
130217.750 1825
130218.000 1826
130218.250 1827
130218.500 1828
130218.750 1829
130219.000 1830
130219.250 1831
130219.500 1832
130219.750 1833
130220.000 1834
130220.250 1835
130220.500 1836
130220.750 1837
130221.000 1838
130221.250 1839
130221.500 1840
130221.750 1841
130222.000 1842
130222.250 1843
130222.500 1844
130222.750 1845
130223.000 1846
130223.250 1847
130223.500 1848
130223.750 1849
130224.000 1850
130224.250 1851
130224.500 1852
130224.750 1853
130225.000 1854
130225.250 1855
130225.500 1856
130225.750 1857
130226.000 1858
130226.250 1859
130226.500 1860
130226.750 1861
130227.000 1862
130227.250 1863
130227.500 1864
130227.750 1865
130228.000 1866
130228.250 1867
130228.500 1868
130228.750 1869
130229.000 1870
130229.250 1871
130229.500 1872
130229.750 1873
130230.000 1874
130230.250 1875
130230.500 1876
130230.750 1877
130231.000 1878
130231.250 1879
130231.500 1880
130231.750 1881
130232.000 1882
130232.250 1883
130232.500 1884
130232.750 1885
130233.000 1886
130233.250 1887
130233.500 1888
130233.750 1889
130234.000 1890
130234.250 1891
130234.500 1892
130234.750 1893
130235.000 1894
130235.250 1895
130235.500 1896
130235.750 1897
130236.000 1898
130236.250 1899
130236.500 1900
130236.750 1901
130237.000 1902
130237.250 1903
130237.500 1904
130237.750 1905
130238.000 1906
130238.250 1907
130238.500 1908
130238.750 1909
130239.000 1910
130239.250 1911
130239.500 1912
130239.750 1913
130240.000 1914
130240.250 1915
130240.500 1916
130240.750 1917
130241.000 1918
130241.250 1919
130241.500 1920
130241.750 1921
130242.000 1922
130242.250 1923
130242.500 1924
130242.750 1925
130243.000 1926
130243.250 1927
130243.500 1928
130243.750 1929
130244.000 1930
130244.250 1931
130244.500 1932
130244.750 1933
130245.000 1934
130245.250 1935
130245.500 1936
130245.750 1937
130246.000 1938
130246.250 1939
130246.500 1940
130246.750 1941
130247.000 1942
130247.250 1943
130247.500 1944
130247.750 1945
130248.000 1946
130248.250 1947
130248.500 1948
130248.750 1949
130249.000 1950
130249.250 1951
130249.500 1952
130249.750 1953
130250.000 1954
130250.250 1955
130250.500 1956
130250.750 1957
130251.000 1958
130251.250 1959
130251.500 1960
130251.750 1961
130252.000 1962
130252.250 1963
130252.500 1964
130252.750 1965
130253.000 1966
130253.250 1967
130253.500 1968
130253.750 1969
130254.000 1970
130254.250 1971
130254.500 1972
130254.750 1973
130255.000 1974
130255.250 1975
130255.500 1976
130255.750 1977
130256.000 1978
130256.250 1979
130256.500 1980
130256.750 1981
130257.000 1982
130257.250 1983
130257.500 1984
130257.750 1985
130258.000 1986
130258.250 1987
130258.500 1988
130258.750 1989
130259.000 1990
130259.250 1991
130259.500 1992
130259.750 1993
130260.000 1994
130260.250 1995
130260.500 1996
130260.750 1997
130261.000 1998
130261.250 1999
130261.500 2000
130261.750 2001
130262.000 2002
130262.250 2003
130262.500 2004
130262.750 2005
130263.000 2006
130263.250 2007
130263.500 2008
130263.750 2009
130264.000 2010
130264.250 2011
130264.500 2012
130264.750 2013
130265.000 2014
130265.250 2015
130265.500 2016
130265.750 2017
130266.000 2018
130266.250 2019
130266.500 2020
130266.750 2021
130267.000 2022
130267.250 2023
130267.500 2024
130267.750 2025
130268.000 2026
130268.250 2027
130268.500 2028
130268.750 2029
130269.000 2030
130269.250 2031
130269.500 2032
130269.750 2033
130270.000 2034
130270.250 2035
130270.500 2036
130270.750 2037
130271.000 2038
130271.250 2039
130271.500 2040
130271.750 2041
130272.000 2042
130272.250 2043
130272.500 2044
130272.750 2045
130273.000 2046
130273.250 2047
130273.500 2048
130273.750 2049
130274.000 2050
130274.250 2051
130274.500 2052
130274.750 2053
130275.000 2054
130275.250 2055
130275.500 2056
130275.750 2057
130276.000 2058
130276.250 2059
130276.500 2060
130276.750 2061
130277.000 2062
130277.250 2063
130277.500 2064
130277.750 2065
130278.000 2066
130278.250 2067
130278.500 2068
130278.750 2069
130279.000 2070
130279.250 2071
130279.500 2072
130279.750 2073
130280.000 2074
130280.250 2075
130280.500 2076
130280.750 2077
130281.000 2078
130281.250 2079
130281.500 2080
130281.750 2081
130282.000 2082
130282.250 2083
130282.500 2084
130282.750 2085
130283.000 2086
130283.250 2087
130283.500 2088
130283.750 2089
130284.000 2090
130284.250 2091
130284.500 2092
130284.750 2093
130285.000 2094
130285.250 2095
130285.500 2096
130285.750 2097
130286.000 2098
130286.250 2099
130286.500 2100
130286.750 2101
130287.000 2102
130287.250 2103
130287.500 2104
130287.750 2105
130288.000 2106
130288.250 2107
130288.500 2108
130288.750 2109
130289.000 2110
130289.250 2111
130289.500 2112
130289.750 2113
130290.000 2114
130290.250 2115
130290.500 2116
130290.750 2117
130291.000 2118
130291.250 2119
130291.500 2120
130291.750 2121
130292.000 2122
130292.250 2123
130292.500 2124
130292.750 2125
130293.000 2126
130293.250 2127
130293.500 2128
130293.750 2129
130294.000 2130
130294.250 2131
130294.500 2132
130294.750 2133
130295.000 2134
130295.250 2135
130295.500 2136
130295.750 2137
130296.000 2138
130296.250 2139
130296.500 2140
130296.750 2141
130297.000 2142
130297.250 2143
130297.500 2144
130297.750 2145
130298.000 2146
130298.250 2147
130298.500 2148
130298.750 2149
130299.000 2150
130299.250 2151
130299.500 2152
130299.750 2153
130300.000 2154
130300.250 2155
130300.500 2156
130300.750 2157
130301.000 2158
130301.250 2159
130301.500 2160
130301.750 2161
130302.000 2162
130302.250 2163
130302.500 2164
130302.750 2165
130303.000 2166
130303.250 2167
130303.500 2168
130303.750 2169
130304.000 2170
130304.250 2171
130304.500 2172
130304.750 2173
130305.000 2174
130305.250 2175
130305.500 2176
130305.750 2177
130306.000 2178
130306.250 2179
130306.500 2180
130306.750 2181
130307.000 2182
130307.250 2183
130307.500 2184
130307.750 2185
130308.000 2186
130308.250 2187
130308.500 2188
130308.750 2189
130309.000 2190
130309.250 2191
130309.500 2192
130309.750 2193
130310.000 2194
130310.250 2195
130310.500 2196
130310.750 2197
130311.000 2198
130311.250 2199
130311.500 2200
130311.750 2201
130312.000 2202
130312.250 2203
130312.500 2204
130312.750 2205
130313.000 2206
130313.250 2207
130313.500 2208
130313.750 2209
130314.000 2210
130314.250 2211
130314.500 2212
130314.750 2213
130315.000 2214
130315.250 2215
130315.500 2216
130315.750 2217
130316.000 2218
130316.250 2219
130316.500 2220
130316.750 2221
130317.000 2222
130317.250 2223
130317.500 2224
130317.750 2225
130318.000 2226
130318.250 2227
130318.500 2228
130318.750 2229
130319.000 2230
130319.250 2231
130319.500 2232
130319.750 2233
130320.000 2234
130320.250 2235
130320.500 2236
130320.750 2237
130321.000 2238
130321.250 2239
130321.500 2240
130321.750 2241
130322.000 2242
130322.250 2243
130322.500 2244
130322.750 2245
130323.000 2246
130323.250 2247
130323.500 2248
130323.750 2249
130324.000 2250
130324.250 2251
130324.500 2252
130324.750 2253
130325.000 2254
130325.250 2255
130325.500 2256
130325.750 2257
130326.000 2258
130326.250 2259
130326.500 2260
130326.750 2261
130327.000 2262
130327.250 2263
130327.500 2264
130327.750 2265
130328.000 2266
130328.250 2267
130328.500 2268
130328.750 2269
130329.000 2270
130329.250 2271
130329.500 2272
130329.750 2273
130330.000 2274
130330.250 2275
130330.500 2276
130330.750 2277
130331.000 2278
130331.250 2279
130331.500 2280
130331.750 2281
130332.000 2282
130332.250 2283
130332.500 2284
130332.750 2285
130333.000 2286
130333.250 2287
130333.500 2288
130333.750 2289
130334.000 2290
130334.250 2291
130334.500 2292
130334.750 2293
130335.000 2294
130335.250 2295
130335.500 2296
130335.750 2297
130336.000 2298
130336.250 2299
130336.500 2300
130336.750 2301
130337.000 2302
130337.250 2303
130337.500 2304
130337.750 2305
130338.000 2306
130338.250 2307
130338.500 2308
130338.750 2309
130339.000 2310
130339.250 2311
130339.500 2312
130339.750 2313
130340.000 2314
130340.250 2315
130340.500 2316
130340.750 2317
130341.000 2318
130341.250 2319
130341.500 2320
130341.750 2321
130342.000 2322
130342.250 2323
130342.500 2324
130342.750 2325
130343.000 2326
130343.250 2327
130343.500 2328
130343.750 2329
130344.000 2330
130344.250 2331
130344.500 2332
130344.750 2333
130345.000 2334
130345.250 2335
130345.500 2336
130345.750 2337
130346.000 2338
130346.250 2339
130346.500 2340
130346.750 2341
130347.000 2342
130347.250 2343
130347.500 2344
130347.750 2345
130348.000 2346
130348.250 2347
130348.500 2348
130348.750 2349
130349.000 2350
130349.250 2351
130349.500 2352
130349.750 2353
130350.000 2354
130350.250 2355
130350.500 2356
130350.750 2357
130351.000 2358
130351.250 2359
130351.500 2360
130351.750 2361
130352.000 2362
130352.250 2363
130352.500 2364
130352.750 2365
130353.000 2366
130353.250 2367
130353.500 2368
130353.750 2369
130354.000 2370
130354.250 2371
130354.500 2372
130354.750 2373
130355.000 2374
130355.250 2375
130355.500 2376
130355.750 2377
130356.000 2378
130356.250 2379
130356.500 2380
130356.750 2381
130357.000 2382
130357.250 2383
130357.500 2384
130357.750 2385
130358.000 2386
130358.250 2387
130358.500 2388
130358.750 2389
130359.000 2390
130359.250 2391
130359.500 2392
130359.750 2393
130360.000 2394
130360.250 2395
130360.500 2396
130360.750 2397
130361.000 2398
130361.250 2399
130361.500 2400
130361.750 2401
130362.000 2402
130362.250 2403
130362.500 2404
130362.750 2405
130363.000 2406
130363.250 2407
130363.500 2408
130363.750 2409
130364.000 2410
130364.250 2411
130364.500 2412
130364.750 2413
130365.000 2414
130365.250 2415
130365.500 2416
130365.750 2417
130366.000 2418
130366.250 2419
130366.500 2420
130366.750 2421
130367.000 2422
130367.250 2423
130367.500 2424
130367.750 2425
130368.000 2426
130368.250 2427
130368.500 2428
130368.750 2429
130369.000 2430
130369.250 2431
130369.500 2432
130369.750 2433
130370.000 2434
130370.250 2435
130370.500 2436
130370.750 2437
130371.000 2438
130371.250 2439
130371.500 2440
130371.750 2441
130372.000 2442
130372.250 2443
130372.500 2444
130372.750 2445
130373.000 2446
130373.250 2447
130373.500 2448
130373.750 2449
130374.000 2450
130374.250 2451
130374.500 2452
130374.750 2453
130375.000 2454
130375.250 2455
130375.500 2456
130375.750 2457
130376.000 2458
130376.250 2459
130376.500 2460
130376.750 2461
130377.000 2462
130377.250 2463
130377.500 2464
130377.750 2465
130378.000 2466
130378.250 2467
130378.500 2468
130378.750 2469
130379.000 2470
130379.250 2471
130379.500 2472
130379.750 2473
130380.000 2474
130380.250 2475
130380.500 2476
130380.750 2477
130381.000 2478
130381.250 2479
130381.500 2480
130381.750 2481
130382.000 2482
130382.250 2483
130382.500 2484
130382.750 2485
130383.000 2486
130383.250 2487
130383.500 2488
130383.750 2489
130384.000 2490
130384.250 2491
130384.500 2492
130384.750 2493
130385.000 2494
130385.250 2495
130385.500 2496
130385.750 2497
130386.000 2498
130386.250 2499
130386.500 2500
130386.750 2501
130387.000 2502
130387.250 2503
130387.500 2504
130387.750 2505
130388.000 2506
130388.250 2507
130388.500 2508
130388.750 2509
130389.000 2510
130389.250 2511
130389.500 2512
130389.750 2513
130390.000 2514
130390.250 2515
130390.500 2516
130390.750 2517
130391.000 2518
130391.250 2519
130391.500 2520
130391.750 2521
130392.000 2522
130392.250 2523
130392.500 2524
130392.750 2525
130393.000 2526
130393.250 2527
130393.500 2528
130393.750 2529
130394.000 2530
130394.250 2531
130394.500 2532
130394.750 2533
130395.000 2534
130395.250 2535
130395.500 2536
130395.750 2537
130396.000 2538
130396.250 2539
130396.500 2540
130396.750 2541
130397.000 2542
130397.250 2543
130397.500 2544
130397.750 2545
130398.000 2546
130398.250 2547
130398.500 2548
130398.750 2549
130399.000 2550
130399.250 2551
130399.500 2552
130399.750 2553
130400.000 2554
130400.250 2555
130400.500 2556
130400.750 2557
130401.000 2558
130401.250 2559
130401.500 2560
130401.750 2561
130402.000 2562
130402.250 2563
130402.500 2564
130402.750 2565
130403.000 2566
130403.250 2567
130403.500 2568
130403.750 2569
130404.000 2570
130404.250 2571
130404.500 2572
130404.750 2573
130405.000 2574
130405.250 2575
130405.500 2576
130405.750 2577
130406.000 2578
130406.250 2579
130406.500 2580
130406.750 2581
130407.000 2582
130407.250 2583
130407.500 2584
130407.750 2585
130408.000 2586
130408.250 2587
130408.500 2588
130408.750 2589
130409.000 2590
130409.250 2591
130409.500 2592
130409.750 2593
130410.000 2594
130410.250 2595
130410.500 2596
130410.750 2597
130411.000 2598
130411.250 2599
130411.500 2600
130411.750 2601
130412.000 2602
130412.250 2603
130412.500 2604
130412.750 2605
130413.000 2606
130413.250 2607
130413.500 2608
130413.750 2609
130414.000 2610
130414.250 2611
130414.500 2612
130414.750 2613
130415.000 2614
130415.250 2615
130415.500 2616
130415.750 2617
130416.000 2618
130416.250 2619
130416.500 2620
130416.750 2621
130417.000 2622
130417.250 2623
130417.500 2624
130417.750 2625
130418.000 2626
130418.250 2627
130418.500 2628
130418.750 2629
130419.000 2630
130419.250 2631
130419.500 2632
130419.750 2633
130420.000 2634
130420.250 2635
130420.500 2636
130420.750 2637
130421.000 2638
130421.250 2639
130421.500 2640
130421.750 2641
130422.000 2642
130422.250 2643
130422.500 2644
130422.750 2645
130423.000 2646
130423.250 2647
130423.500 2648
130423.750 2649
130424.000 2650
130424.250 2651
130424.500 2652
130424.750 2653
130425.000 2654
130425.250 2655
130425.500 2656
130425.750 2657
130426.000 2658
130426.250 2659
130426.500 2660
130426.750 2661
130427.000 2662
130427.250 2663
130427.500 2664
130427.750 2665
130428.000 2666
130428.250 2667
130428.500 2668
130428.750 2669
130429.000 2670
130429.250 2671
130429.500 2672
130429.750 2673
130430.000 2674
130430.250 2675
130430.500 2676
130430.750 2677
130431.000 2678
130431.250 2679
130431.500 2680
130431.750 2681
130432.000 2682
130432.250 2683
130432.500 2684
130432.750 2685
130433.000 2686
130433.250 2687
130433.500 2688
130433.750 2689
130434.000 2690
130434.250 2691
130434.500 2692
130434.750 2693
130435.000 2694
130435.250 2695
130435.500 2696
130435.750 2697
130436.000 2698
130436.250 2699
130436.500 2700
130436.750 2701
130437.000 2702
130437.250 2703
130437.500 2704
130437.750 2705
130438.000 2706
130438.250 2707
130438.500 2708
130438.750 2709
130439.000 2710
130439.250 2711
130439.500 2712
130439.750 2713
130440.000 2714
130440.250 2715
130440.500 2716
130440.750 2717
130441.000 2718
130441.250 2719
130441.500 2720
130441.750 2721
130442.000 2722
130442.250 2723
130442.500 2724
130442.750 2725
130443.000 2726
130443.250 2727
130443.500 2728
130443.750 2729
130444.000 2730
130444.250 2731
130444.500 2732
130444.750 2733
130445.000 2734
130445.250 2735
130445.500 2736
130445.750 2737
130446.000 2738
130446.250 2739
130446.500 2740
130446.750 2741
130447.000 2742
130447.250 2743
130447.500 2744
130447.750 2745
130448.000 2746
130448.250 2747
130448.500 2748
130448.750 2749
130449.000 2750
130449.250 2751
130449.500 2752
130449.750 2753
130450.000 2754
130450.250 2755
130450.500 2756
130450.750 2757
130451.000 2758
130451.250 2759
130451.500 2760
130451.750 2761
130452.000 2762
130452.250 2763
130452.500 2764
130452.750 2765
130453.000 2766
130453.250 2767
130453.500 2768
130453.750 2769
130454.000 2770
130454.250 2771
130454.500 2772
130454.750 2773
130455.000 2774
130455.250 2775
130455.500 2776
130455.750 2777
130456.000 2778
130456.250 2779
130456.500 2780
130456.750 2781
130457.000 2782
130457.250 2783
130457.500 2784
130457.750 2785
130458.000 2786
130458.250 2787
130458.500 2788
130458.750 2789
130459.000 2790
130459.250 2791
130459.500 2792
130459.750 2793
130460.000 2794
130460.250 2795
130460.500 2796
130460.750 2797
130461.000 2798
130461.250 2799
130461.500 2800
130461.750 2801
130462.000 2802
130462.250 2803
130462.500 2804
130462.750 2805
130463.000 2806
130463.250 2807
130463.500 2808
130463.750 2809
130464.000 2810
130464.250 2811
130464.500 2812
130464.750 2813
130465.000 2814
130465.250 2815
130465.500 2816
130465.750 2817
130466.000 2818
130466.250 2819
130466.500 2820
130466.750 2821
130467.000 2822
130467.250 2823
130467.500 2824
130467.750 2825
130468.000 2826
130468.250 2827
130468.500 2828
130468.750 2829
130469.000 2830
130469.250 2831
130469.500 2832
130469.750 2833
130470.000 2834
130470.250 2835
130470.500 2836
130470.750 2837
130471.000 2838
130471.250 2839
130471.500 2840
130471.750 2841
130472.000 2842
130472.250 2843
130472.500 2844
130472.750 2845
130473.000 2846
130473.250 2847
130473.500 2848
130473.750 2849
130474.000 2850
130474.250 2851
130474.500 2852
130474.750 2853
130475.000 2854
130475.250 2855
130475.500 2856
130475.750 2857
130476.000 2858
130476.250 2859
130476.500 2860
130476.750 2861
130477.000 2862
130477.250 2863
130477.500 2864
130477.750 2865
130478.000 2866
130478.250 2867
130478.500 2868
130478.750 2869
130479.000 2870
130479.250 2871
130479.500 2872
130479.750 2873
130480.000 2874
130480.250 2875
130480.500 2876
130480.750 2877
130481.000 2878
130481.250 2879
130481.500 2880
130481.750 2881
130482.000 2882
130482.250 2883
130482.500 2884
130482.750 2885
130483.000 2886
130483.250 2887
130483.500 2888
130483.750 2889
130484.000 2890
130484.250 2891
130484.500 2892
130484.750 2893
130485.000 2894
130485.250 2895
130485.500 2896
130485.750 2897
130486.000 2898
130486.250 2899
130486.500 2900
130486.750 2901
130487.000 2902
130487.250 2903
130487.500 2904
130487.750 2905
130488.000 2906
130488.250 2907
130488.500 2908
130488.750 2909
130489.000 2910
130489.250 2911
130489.500 2912
130489.750 2913
130490.000 2914
130490.250 2915
130490.500 2916
130490.750 2917
130491.000 2918
130491.250 2919
130491.500 2920
130491.750 2921
130492.000 2922
130492.250 2923
130492.500 2924
130492.750 2925
130493.000 2926
130493.250 2927
130493.500 2928
130493.750 2929
130494.000 2930
130494.250 2931
130494.500 2932
130494.750 2933
130495.000 2934
130495.250 2935
130495.500 2936
130495.750 2937
130496.000 2938
130496.250 2939
130496.500 2940
130496.750 2941
130497.000 2942
130497.250 2943
130497.500 2944
130497.750 2945
130498.000 2946
130498.250 2947
130498.500 2948
130498.750 2949
130499.000 2950
130499.250 2951
130499.500 2952
130499.750 2953
130500.000 2954
130500.250 2955
130500.500 2956
130500.750 2957
130501.000 2958
130501.250 2959
130501.500 2960
130501.750 2961
130502.000 2962
130502.250 2963
130502.500 2964
130502.750 2965
130503.000 2966
130503.250 2967
130503.500 2968
130503.750 2969
130504.000 2970
130504.250 2971
130504.500 2972
130504.750 2973
130505.000 2974
130505.250 2975
130505.500 2976
130505.750 2977
130506.000 2978
130506.250 2979
130506.500 2980
130506.750 2981
130507.000 2982
130507.250 2983
130507.500 2984
130507.750 2985
130508.000 2986
130508.250 2987
130508.500 2988
130508.750 2989
130509.000 2990
130509.250 2991
130509.500 2992
130509.750 2993
130510.000 2994
130510.250 2995
130510.500 2996
130510.750 2997
130511.000 2998
130511.250 2999
130511.500 3000
130511.750 3001
130512.000 3002
130512.250 3003
130512.500 3004
130512.750 3005
130513.000 3006
130513.250 3007
130513.500 3008
130513.750 3009
130514.000 3010
130514.250 3011
130514.500 3012
130514.750 3013
130515.000 3014
130515.250 3015
130515.500 3016
130515.750 3017
130516.000 3018
130516.250 3019
130516.500 3020
130516.750 3021
130517.000 3022
130517.250 3023
130517.500 3024
130517.750 3025
130518.000 3026
130518.250 3027
130518.500 3028
130518.750 3029
130519.000 3030
130519.250 3031
130519.500 3032
130519.750 3033
130520.000 3034
130520.250 3035
130520.500 3036
130520.750 3037
130521.000 3038
130521.250 3039
130521.500 3040
130521.750 3041
130522.000 3042
130522.250 3043
130522.500 3044
130522.750 3045
130523.000 3046
130523.250 3047
130523.500 3048
130523.750 3049
130524.000 3050
130524.250 3051
130524.500 3052
130524.750 3053
130525.000 3054
130525.250 3055
130525.500 3056
130525.750 3057
130526.000 3058
130526.250 3059
130526.500 3060
130526.750 3061
130527.000 3062
130527.250 3063
130527.500 3064
130527.750 3065
130528.000 3066
130528.250 3067
130528.500 3068
130528.750 3069
130529.000 3070
130529.250 3071
130529.500 3072
130529.750 3073
130530.000 3074
130530.250 3075
130530.500 3076
130530.750 3077
130531.000 3078
130531.250 3079
130531.500 3080
130531.750 3081
130532.000 3082
130532.250 3083
130532.500 3084
130532.750 3085
130533.000 3086
130533.250 3087
130533.500 3088
130533.750 3089
130534.000 3090
130534.250 3091
130534.500 3092
130534.750 3093
130535.000 3094
130535.250 3095
130535.500 3096
130535.750 3097
130536.000 3098
130536.250 3099
130536.500 3100
130536.750 3101
130537.000 3102
130537.250 3103
130537.500 3104
130537.750 3105
130538.000 3106
130538.250 3107
130538.500 3108
130538.750 3109
130539.000 3110
130539.250 3111
130539.500 3112
130539.750 3113
130540.000 3114
130540.250 3115
130540.500 3116
130540.750 3117
130541.000 3118
130541.250 3119
130541.500 3120
130541.750 3121
130542.000 3122
130542.250 3123
130542.500 3124
130542.750 3125
130543.000 3126
130543.250 3127
130543.500 3128
130543.750 3129
130544.000 3130
130544.250 3131
130544.500 3132
130544.750 3133
130545.000 3134
130545.250 3135
130545.500 3136
130545.750 3137
130546.000 3138
130546.250 3139
130546.500 3140
130546.750 3141
130547.000 3142
130547.250 3143
130547.500 3144
130547.750 3145
130548.000 3146
130548.250 3147
130548.500 3148
130548.750 3149
130549.000 3150
130549.250 3151
130549.500 3152
130549.750 3153
130550.000 3154
130550.250 3155
130550.500 3156
130550.750 3157
130551.000 3158
130551.250 3159
130551.500 3160
130551.750 3161
130552.000 3162
130552.250 3163
130552.500 3164
130552.750 3165
130553.000 3166
130553.250 3167
130553.500 3168
130553.750 3169
130554.000 3170
130554.250 3171
130554.500 3172
130554.750 3173
130555.000 3174
130555.250 3175
130555.500 3176
130555.750 3177
130556.000 3178
130556.250 3179
130556.500 3180
130556.750 3181
130557.000 3182
130557.250 3183
130557.500 3184
130557.750 3185
130558.000 3186
130558.250 3187
130558.500 3188
130558.750 3189
130559.000 3190
130559.250 3191
130559.500 3192
130559.750 3193
130560.000 3194
130560.250 3195
130560.500 3196
130560.750 3197
130561.000 3198
130561.250 3199
130561.500 3200
130561.750 3201
130562.000 3202
130562.250 3203
130562.500 3204
130562.750 3205
130563.000 3206
130563.250 3207
130563.500 3208
130563.750 3209
130564.000 3210
130564.250 3211
130564.500 3212
130564.750 3213
130565.000 3214
130565.250 3215
130565.500 3216
130565.750 3217
130566.000 3218
130566.250 3219
130566.500 3220
130566.750 3221
130567.000 3222
130567.250 3223
130567.500 3224
130567.750 3225
130568.000 3226
130568.250 3227
130568.500 3228
130568.750 3229
130569.000 3230
130569.250 3231
130569.500 3232
130569.750 3233
130570.000 3234
130570.250 3235
130570.500 3236
130570.750 3237
130571.000 3238
130571.250 3239
130571.500 3240
130571.750 3241
130572.000 3242
130572.250 3243
130572.500 3244
130572.750 3245
130573.000 3246
130573.250 3247
130573.500 3248
130573.750 3249
130574.000 3250
130574.250 3251
130574.500 3252
130574.750 3253
130575.000 3254
130575.250 3255
130575.500 3256
130575.750 3257
130576.000 3258
130576.250 3259
130576.500 3260
130576.750 3261
130577.000 3262
130577.250 3263
130577.500 3264
130577.750 3265
130578.000 3266
130578.250 3267
130578.500 3268
130578.750 3269
130579.000 3270
130579.250 3271
130579.500 3272
130579.750 3273
130580.000 3274
130580.250 3275
130580.500 3276
130580.750 3277
130581.000 3278
130581.250 3279
130581.500 3280
130581.750 3281
130582.000 3282
130582.250 3283
130582.500 3284
130582.750 3285
130583.000 3286
130583.250 3287
130583.500 3288
130583.750 3289
130584.000 3290
130584.250 3291
130584.500 3292
130584.750 3293
130585.000 3294
130585.250 3295
130585.500 3296
130585.750 3297
130586.000 3298
130586.250 3299
130586.500 3300
130586.750 3301
130587.000 3302
130587.250 3303
130587.500 3304
130587.750 3305
130588.000 3306
130588.250 3307
130588.500 3308
130588.750 3309
130589.000 3310
130589.250 3311
130589.500 3312
130589.750 3313
130590.000 3314
130590.250 3315
130590.500 3316
130590.750 3317
130591.000 3318
130591.250 3319
130591.500 3320
130591.750 3321
130592.000 3322
130592.250 3323
130592.500 3324
130592.750 3325
130593.000 3326
130593.250 3327
130593.500 3328
130593.750 3329
130594.000 3330
130594.250 3331
130594.500 3332
130594.750 3333
130595.000 3334
130595.250 3335
130595.500 3336
130595.750 3337
130596.000 3338
130596.250 3339
130596.500 3340
130596.750 3341
130597.000 3342
130597.250 3343
130597.500 3344
130597.750 3345
130598.000 3346
130598.250 3347
130598.500 3348
130598.750 3349
130599.000 3350
130599.250 3351
130599.500 3352
130599.750 3353
130600.000 3354
130600.250 3355
130600.500 3356
130600.750 3357
130601.000 3358
130601.250 3359
130601.500 3360
130601.750 3361
130602.000 3362
130602.250 3363
130602.500 3364
130602.750 3365
130603.000 3366
130603.250 3367
130603.500 3368
130603.750 3369
130604.000 3370
130604.250 3371
130604.500 3372
130604.750 3373
130605.000 3374
130605.250 3375
130605.500 3376
130605.750 3377
130606.000 3378
130606.250 3379
130606.500 3380
130606.750 3381
130607.000 3382
130607.250 3383
130607.500 3384
130607.750 3385
130608.000 3386
130608.250 3387
130608.500 3388
130608.750 3389
130609.000 3390
130609.250 3391
130609.500 3392
130609.750 3393
130610.000 3394
130610.250 3395
130610.500 3396
130610.750 3397
130611.000 3398
130611.250 3399
130611.500 3400
130611.750 3401
130612.000 3402
130612.250 3403
130612.500 3404
130612.750 3405
130613.000 3406
130613.250 3407
130613.500 3408
130613.750 3409
130614.000 3410
130614.250 3411
130614.500 3412
130614.750 3413
130615.000 3414
130615.250 3415
130615.500 3416
130615.750 3417
130616.000 3418
130616.250 3419
130616.500 3420
130616.750 3421
130617.000 3422
130617.250 3423
130617.500 3424
130617.750 3425
130618.000 3426
130618.250 3427
130618.500 3428
130618.750 3429
130619.000 3430
130619.250 3431
130619.500 3432
130619.750 3433
130620.000 3434
130620.250 3435
130620.500 3436
130620.750 3437
130621.000 3438
130621.250 3439
130621.500 3440
130621.750 3441
130622.000 3442
130622.250 3443
130622.500 3444
130622.750 3445
130623.000 3446
130623.250 3447
130623.500 3448
130623.750 3449
130624.000 3450
130624.250 3451
130624.500 3452
130624.750 3453
130625.000 3454
130625.250 3455
130625.500 3456
130625.750 3457
130626.000 3458
130626.250 3459
130626.500 3460
130626.750 3461
130627.000 3462
130627.250 3463
130627.500 3464
130627.750 3465
130628.000 3466
130628.250 3467
130628.500 3468
130628.750 3469
130629.000 3470
130629.250 3471
130629.500 3472
130629.750 3473
130630.000 3474
130630.250 3475
130630.500 3476
130630.750 3477
130631.000 3478
130631.250 3479
130631.500 3480
130631.750 3481
130632.000 3482
130632.250 3483
130632.500 3484
130632.750 3485
130633.000 3486
130633.250 3487
130633.500 3488
130633.750 3489
130634.000 3490
130634.250 3491
130634.500 3492
130634.750 3493
130635.000 3494
130635.250 3495
130635.500 3496
130635.750 3497
130636.000 3498
130636.250 3499
130636.500 3500
130636.750 3501
130637.000 3502
130637.250 3503
130637.500 3504
130637.750 3505
130638.000 3506
130638.250 3507
130638.500 3508
130638.750 3509
130639.000 3510
130639.250 3511
130639.500 3512
130639.750 3513
130640.000 3514
130640.250 3515
130640.500 3516
130640.750 3517
130641.000 3518
130641.250 3519
130641.500 3520
130641.750 3521
130642.000 3522
130642.250 3523
130642.500 3524
130642.750 3525
130643.000 3526
130643.250 3527
130643.500 3528
130643.750 3529
130644.000 3530
130644.250 3531
130644.500 3532
130644.750 3533
130645.000 3534
130645.250 3535
130645.500 3536
130645.750 3537
130646.000 3538
130646.250 3539
130646.500 3540
130646.750 3541
130647.000 3542
130647.250 3543
130647.500 3544
130647.750 3545
130648.000 3546
130648.250 3547
130648.500 3548
130648.750 3549
130649.000 3550
130649.250 3551
130649.500 3552
130649.750 3553
130650.000 3554
130650.250 3555
130650.500 3556
130650.750 3557
130651.000 3558
130651.250 3559
130651.500 3560
130651.750 3561
130652.000 3562
130652.250 3563
130652.500 3564
130652.750 3565
130653.000 3566
130653.250 3567
130653.500 3568
130653.750 3569
130654.000 3570
130654.250 3571
130654.500 3572
130654.750 3573
130655.000 3574
130655.250 3575
130655.500 3576
130655.750 3577
130656.000 3578
130656.250 3579
130656.500 3580
130656.750 3581
130657.000 3582
130657.250 3583
130657.500 3584
130657.750 3585
130658.000 3586
130658.250 3587
130658.500 3588
130658.750 3589
130659.000 3590
130659.250 3591
130659.500 3592
130659.750 3593
130660.000 3594
130660.250 3595
130660.500 3596
130660.750 3597
130661.000 3598
130661.250 3599
130661.500 3600
130661.750 3601
130662.000 3602
130662.250 3603
130662.500 3604
130662.750 3605
130663.000 3606
130663.250 3607
130663.500 3608
130663.750 3609
130664.000 3610
130664.250 3611
130664.500 3612
130664.750 3613
130665.000 3614
130665.250 3615
130665.500 3616
130665.750 3617
130666.000 3618
130666.250 3619
130666.500 3620
130666.750 3621
130667.000 3622
130667.250 3623
130667.500 3624
130667.750 3625
130668.000 3626
130668.250 3627
130668.500 3628
130668.750 3629
130669.000 3630
130669.250 3631
130669.500 3632
130669.750 3633
130670.000 3634
130670.250 3635
130670.500 3636
130670.750 3637
130671.000 3638
130671.250 3639
130671.500 3640
130671.750 3641
130672.000 3642
130672.250 3643
130672.500 3644
130672.750 3645
130673.000 3646
130673.250 3647
130673.500 3648
130673.750 3649
130674.000 3650
130674.250 3651
130674.500 3652
130674.750 3653
130675.000 3654
130675.250 3655
130675.500 3656
130675.750 3657
130676.000 3658
130676.250 3659
130676.500 3660
130676.750 3661
130677.000 3662
130677.250 3663
130677.500 3664
130677.750 3665
130678.000 3666
130678.250 3667
130678.500 3668
130678.750 3669
130679.000 3670
130679.250 3671
130679.500 3672
130679.750 3673
130680.000 3674
130680.250 3675
130680.500 3676
130680.750 3677
130681.000 3678
130681.250 3679
130681.500 3680
130681.750 3681
130682.000 3682
130682.250 3683
130682.500 3684
130682.750 3685
130683.000 3686
130683.250 3687
130683.500 3688
130683.750 3689
130684.000 3690
130684.250 3691
130684.500 3692
130684.750 3693
130685.000 3694
130685.250 3695
130685.500 3696
130685.750 3697
130686.000 3698
130686.250 3699
130686.500 3700
130686.750 3701
130687.000 3702
130687.250 3703
130687.500 3704
130687.750 3705
130688.000 3706
130688.250 3707
130688.500 3708
130688.750 3709
130689.000 3710
130689.250 3711
130689.500 3712
130689.750 3713
130690.000 3714
130690.250 3715
130690.500 3716
130690.750 3717
130691.000 3718
130691.250 3719
130691.500 3720
130691.750 3721
130692.000 3722
130692.250 3723
130692.500 3724
130692.750 3725
130693.000 3726
130693.250 3727
130693.500 3728
130693.750 3729
130694.000 3730
130694.250 3731
130694.500 3732
130694.750 3733
130695.000 3734
130695.250 3735
130695.500 3736
130695.750 3737
130696.000 3738
130696.250 3739
130696.500 3740
130696.750 3741
130697.000 3742
130697.250 3743
130697.500 3744
130697.750 3745
130698.000 3746
130698.250 3747
130698.500 3748
130698.750 3749
130699.000 3750
130699.250 3751
130699.500 3752
130699.750 3753
130700.000 3754
130700.250 3755
130700.500 3756
130700.750 3757
130701.000 3758
130701.250 3759
130701.500 3760
130701.750 3761
130702.000 3762
130702.250 3763
130702.500 3764
130702.750 3765
130703.000 3766
130703.250 3767
130703.500 3768
130703.750 3769
130704.000 3770
130704.250 3771
130704.500 3772
130704.750 3773
130705.000 3774
130705.250 3775
130705.500 3776
130705.750 3777
130706.000 3778
130706.250 3779
130706.500 3780
130706.750 3781
130707.000 3782
130707.250 3783
130707.500 3784
130707.750 3785
130708.000 3786
130708.250 3787
130708.500 3788
130708.750 3789
130709.000 3790
130709.250 3791
130709.500 3792
130709.750 3793
130710.000 3794
130710.250 3795
130710.500 3796
130710.750 3797
130711.000 3798
130711.250 3799
130711.500 3800
130711.750 3801
130712.000 3802
130712.250 3803
130712.500 3804
130712.750 3805
130713.000 3806
130713.250 3807
130713.500 3808
130713.750 3809
130714.000 3810
130714.250 3811
130714.500 3812
130714.750 3813
130715.000 3814
130715.250 3815
130715.500 3816
130715.750 3817
130716.000 3818
130716.250 3819
130716.500 3820
130716.750 3821
130717.000 3822
130717.250 3823
130717.500 3824
130717.750 3825
130718.000 3826
130718.250 3827
130718.500 3828
130718.750 3829
130719.000 3830
130719.250 3831
130719.500 3832
130719.750 3833
130720.000 3834
130720.250 3835
130720.500 3836
130720.750 3837
130721.000 3838
130721.250 3839
130721.500 3840
130721.750 3841
130722.000 3842
130722.250 3843
130722.500 3844
130722.750 3845
130723.000 3846
130723.250 3847
130723.500 3848
130723.750 3849
130724.000 3850
130724.250 3851
130724.500 3852
130724.750 3853
130725.000 3854
130725.250 3855
130725.500 3856
130725.750 3857
130726.000 3858
130726.250 3859
130726.500 3860
130726.750 3861
130727.000 3862
130727.250 3863
130727.500 3864
130727.750 3865
130728.000 3866
130728.250 3867
130728.500 3868
130728.750 3869
130729.000 3870
130729.250 3871
130729.500 3872
130729.750 3873
130730.000 3874
130730.250 3875
130730.500 3876
130730.750 3877
130731.000 3878
130731.250 3879
130731.500 3880
130731.750 3881
130732.000 3882
130732.250 3883
130732.500 3884
130732.750 3885
130733.000 3886
130733.250 3887
130733.500 3888
130733.750 3889
130734.000 3890
130734.250 3891
130734.500 3892
130734.750 3893
130735.000 3894
130735.250 3895
130735.500 3896
130735.750 3897
130736.000 3898
130736.250 3899
130736.500 3900
130736.750 3901
130737.000 3902
130737.250 3903
130737.500 3904
130737.750 3905
130738.000 3906
130738.250 3907
130738.500 3908
130738.750 3909
130739.000 3910
130739.250 3911
130739.500 3912
130739.750 3913
130740.000 3914
130740.250 3915
130740.500 3916
130740.750 3917
130741.000 3918
130741.250 3919
130741.500 3920
130741.750 3921
130742.000 3922
130742.250 3923
130742.500 3924
130742.750 3925
130743.000 3926
130743.250 3927
130743.500 3928
130743.750 3929
130744.000 3930
130744.250 3931
130744.500 3932
130744.750 3933
130745.000 3934
130745.250 3935
130745.500 3936
130745.750 3937
130746.000 3938
130746.250 3939
130746.500 3940
130746.750 3941
130747.000 3942
130747.250 3943
130747.500 3944
130747.750 3945
130748.000 3946
130748.250 3947
130748.500 3948
130748.750 3949
130749.000 3950
130749.250 3951
130749.500 3952
130749.750 3953
130750.000 3954
130750.250 3955
130750.500 3956
130750.750 3957
130751.000 3958
130751.250 3959
130751.500 3960
130751.750 3961
130752.000 3962
130752.250 3963
130752.500 3964
130752.750 3965
130753.000 3966
130753.250 3967
130753.500 3968
130753.750 3969
130754.000 3970
130754.250 3971
130754.500 3972
130754.750 3973
130755.000 3974
130755.250 3975
130755.500 3976
130755.750 3977
130756.000 3978
130756.250 3979
130756.500 3980
130756.750 3981
130757.000 3982
130757.250 3983
130757.500 3984
130757.750 3985
130758.000 3986
130758.250 3987
130758.500 3988
130758.750 3989
130759.000 3990
130759.250 3991
130759.500 3992
130759.750 3993
130760.000 3994
130760.250 3995
130760.500 3996
130760.750 3997
130761.000 3998
130761.250 3999
130761.500 4000
130761.750 4001
130762.000 4002
130762.250 4003
130762.500 4004
130762.750 4005
130763.000 4006
130763.250 4007
130763.500 4008
130763.750 4009
130764.000 4010
130764.250 4011
130764.500 4012
130764.750 4013
130765.000 4014
130765.250 4015
130765.500 4016
130765.750 4017
130766.000 4018
130766.250 4019
130766.500 4020
130766.750 4021
130767.000 4022
130767.250 4023
130767.500 4024
130767.750 4025
130768.000 4026
130768.250 4027
130768.500 4028
130768.750 4029
130769.000 4030
130769.250 4031
130769.500 4032
130769.750 4033
130770.000 4034
130770.250 4035
130770.500 4036
130770.750 4037
130771.000 4038
130771.250 4039
130771.500 4040
130771.750 4041
130772.000 4042
130772.250 4043
130772.500 4044
130772.750 4045
130773.000 4046
130773.250 4047
130773.500 4048
130773.750 4049
130774.000 4050
130774.250 4051
130774.500 4052
130774.750 4053
130775.000 4054
130775.250 4055
130775.500 4056
130775.750 4057
130776.000 4058
130776.250 4059
130776.500 4060
130776.750 4061
130777.000 4062
130777.250 4063
130777.500 4064
130777.750 4065
130778.000 4066
130778.250 4067
130778.500 4068
130778.750 4069
130779.000 4070
130779.250 4071
130779.500 4072
130779.750 4073
130780.000 4074
130780.250 4075
130780.500 4076
130780.750 4077
130781.000 4078
130781.250 4079
130781.500 4080
130781.750 4081
130782.000 4082
130782.250 4083
130782.500 4084
130782.750 4085
130783.000 4086
130783.250 4087
130783.500 4088
130783.750 4089
130784.000 4090
130784.250 4091
130784.500 4092
130784.750 4093
130785.000 4094
130785.250 4095
130785.500 4096
130785.750 4097
130786.000 4098
130786.250 4099
130786.500 4100
130786.750 4101
130787.000 4102
130787.250 4103
130787.500 4104
130787.750 4105
130788.000 4106
130788.250 4107
130788.500 4108
130788.750 4109
130789.000 4110
130789.250 4111
130789.500 4112
130789.750 4113
130790.000 4114
130790.250 4115
130790.500 4116
130790.750 4117
130791.000 4118
130791.250 4119
130791.500 4120
130791.750 4121
130792.000 4122
130792.250 4123
130792.500 4124
130792.750 4125
130793.000 4126
130793.250 4127
130793.500 4128
130793.750 4129
130794.000 4130
130794.250 4131
130794.500 4132
130794.750 4133
130795.000 4134
130795.250 4135
130795.500 4136
130795.750 4137
130796.000 4138
130796.250 4139
130796.500 4140
130796.750 4141
130797.000 4142
130797.250 4143
130797.500 4144
130797.750 4145
130798.000 4146
130798.250 4147
130798.500 4148
130798.750 4149
130799.000 4150
130799.250 4151
130799.500 4152
130799.750 4153
130800.000 4154
130800.250 4155
130800.500 4156
130800.750 4157
130801.000 4158
130801.250 4159
130801.500 4160
130801.750 4161
130802.000 4162
130802.250 4163
130802.500 4164
130802.750 4165
130803.000 4166
130803.250 4167
130803.500 4168
130803.750 4169
130804.000 4170
130804.250 4171
130804.500 4172
130804.750 4173
130805.000 4174
130805.250 4175
130805.500 4176
130805.750 4177
130806.000 4178
130806.250 4179
130806.500 4180
130806.750 4181
130807.000 4182
130807.250 4183
130807.500 4184
130807.750 4185
130808.000 4186
130808.250 4187
130808.500 4188
130808.750 4189
130809.000 4190
130809.250 4191
130809.500 4192
130809.750 4193
130810.000 4194
130810.250 4195
130810.500 4196
130810.750 4197
130811.000 4198
130811.250 4199
130811.500 4200
130811.750 4201
130812.000 4202
130812.250 4203
130812.500 4204
130812.750 4205
130813.000 4206
130813.250 4207
130813.500 4208
130813.750 4209
130814.000 4210
130814.250 4211
130814.500 4212
130814.750 4213
130815.000 4214
130815.250 4215
130815.500 4216
130815.750 4217
130816.000 4218
130816.250 4219
130816.500 4220
130816.750 4221
130817.000 4222
130817.250 4223
130817.500 4224
130817.750 4225
130818.000 4226
130818.250 4227
130818.500 4228
130818.750 4229
130819.000 4230
130819.250 4231
130819.500 4232
130819.750 4233
130820.000 4234
130820.250 4235
130820.500 4236
130820.750 4237
130821.000 4238
130821.250 4239
130821.500 4240
130821.750 4241
130822.000 4242
130822.250 4243
130822.500 4244
130822.750 4245
130823.000 4246
130823.250 4247
130823.500 4248
130823.750 4249
130824.000 4250
130824.250 4251
130824.500 4252
130824.750 4253
130825.000 4254
130825.250 4255
130825.500 4256
130825.750 4257
130826.000 4258
130826.250 4259
130826.500 4260
130826.750 4261
130827.000 4262
130827.250 4263
130827.500 4264
130827.750 4265
130828.000 4266
130828.250 4267
130828.500 4268
130828.750 4269
130829.000 4270
130829.250 4271
130829.500 4272
130829.750 4273
130830.000 4274
130830.250 4275
130830.500 4276
130830.750 4277
130831.000 4278
130831.250 4279
130831.500 4280
130831.750 4281
130832.000 4282
130832.250 4283
130832.500 4284
130832.750 4285
130833.000 4286
130833.250 4287
130833.500 4288
130833.750 4289
130834.000 4290
130834.250 4291
130834.500 4292
130834.750 4293
130835.000 4294
130835.250 4295
130835.500 4296
130835.750 4297
130836.000 4298
130836.250 4299
130836.500 4300
130836.750 4301
130837.000 4302
130837.250 4303
130837.500 4304
130837.750 4305
130838.000 4306
130838.250 4307
130838.500 4308
130838.750 4309
130839.000 4310
130839.250 4311
130839.500 4312
130839.750 4313
130840.000 4314
130840.250 4315
130840.500 4316
130840.750 4317
130841.000 4318
130841.250 4319
130841.500 4320
130841.750 4321
130842.000 4322
130842.250 4323
130842.500 4324
130842.750 4325
130843.000 4326
130843.250 4327
130843.500 4328
130843.750 4329
130844.000 4330
130844.250 4331
130844.500 4332
130844.750 4333
130845.000 4334
130845.250 4335
130845.500 4336
130845.750 4337
130846.000 4338
130846.250 4339
130846.500 4340
130846.750 4341
130847.000 4342
130847.250 4343
130847.500 4344
130847.750 4345
130848.000 4346
130848.250 4347
130848.500 4348
130848.750 4349
130849.000 4350
130849.250 4351
130849.500 4352
130849.750 4353
130850.000 4354
130850.250 4355
130850.500 4356
130850.750 4357
130851.000 4358
130851.250 4359
130851.500 4360
130851.750 4361
130852.000 4362
130852.250 4363
130852.500 4364
130852.750 4365
130853.000 4366
130853.250 4367
130853.500 4368
130853.750 4369
130854.000 4370
130854.250 4371
130854.500 4372
130854.750 4373
130855.000 4374
130855.250 4375
130855.500 4376
130855.750 4377
130856.000 4378
130856.250 4379
130856.500 4380
130856.750 4381
130857.000 4382
130857.250 4383
130857.500 4384
130857.750 4385
130858.000 4386
130858.250 4387
130858.500 4388
130858.750 4389
130859.000 4390
130859.250 4391
130859.500 4392
130859.750 4393
130860.000 4394
130860.250 4395
130860.500 4396
130860.750 4397
130861.000 4398
130861.250 4399
130861.500 4400
130861.750 4401
130862.000 4402
130862.250 4403
130862.500 4404
130862.750 4405
130863.000 4406
130863.250 4407
130863.500 4408
130863.750 4409
130864.000 4410
130864.250 4411
130864.500 4412
130864.750 4413
130865.000 4414
130865.250 4415
130865.500 4416
130865.750 4417
130866.000 4418
130866.250 4419
130866.500 4420
130866.750 4421
130867.000 4422
130867.250 4423
130867.500 4424
130867.750 4425
130868.000 4426
130868.250 4427
130868.500 4428
130868.750 4429
130869.000 4430
130869.250 4431
130869.500 4432
130869.750 4433
130870.000 4434
130870.250 4435
130870.500 4436
130870.750 4437
130871.000 4438
130871.250 4439
130871.500 4440
130871.750 4441
130872.000 4442
130872.250 4443
130872.500 4444
130872.750 4445
130873.000 4446
130873.250 4447
130873.500 4448
130873.750 4449
130874.000 4450
130874.250 4451
130874.500 4452
130874.750 4453
130875.000 4454
130875.250 4455
130875.500 4456
130875.750 4457
130876.000 4458
130876.250 4459
130876.500 4460
130876.750 4461
130877.000 4462
130877.250 4463
130877.500 4464
130877.750 4465
130878.000 4466
130878.250 4467
130878.500 4468
130878.750 4469
130879.000 4470
130879.250 4471
130879.500 4472
130879.750 4473
130880.000 4474
130880.250 4475
130880.500 4476
130880.750 4477
130881.000 4478
130881.250 4479
130881.500 4480
130881.750 4481
130882.000 4482
130882.250 4483
130882.500 4484
130882.750 4485
130883.000 4486
130883.250 4487
130883.500 4488
130883.750 4489
130884.000 4490
130884.250 4491
130884.500 4492
130884.750 4493
130885.000 4494
130885.250 4495
130885.500 4496
130885.750 4497
130886.000 4498
130886.250 4499
130886.500 4500
130886.750 4501
130887.000 4502
130887.250 4503
130887.500 4504
130887.750 4505
130888.000 4506
130888.250 4507
130888.500 4508
130888.750 4509
130889.000 4510
130889.250 4511
130889.500 4512
130889.750 4513
130890.000 4514
130890.250 4515
130890.500 4516
130890.750 4517
130891.000 4518
130891.250 4519
130891.500 4520
130891.750 4521
130892.000 4522
130892.250 4523
130892.500 4524
130892.750 4525
130893.000 4526
130893.250 4527
130893.500 4528
130893.750 4529
130894.000 4530
130894.250 4531
130894.500 4532
130894.750 4533
130895.000 4534
130895.250 4535
130895.500 4536
130895.750 4537
130896.000 4538
130896.250 4539
130896.500 4540
130896.750 4541
130897.000 4542
130897.250 4543
130897.500 4544
130897.750 4545
130898.000 4546
130898.250 4547
130898.500 4548
130898.750 4549
130899.000 4550
130899.250 4551
130899.500 4552
130899.750 4553
130900.000 4554
130900.250 4555
130900.500 4556
130900.750 4557
130901.000 4558
130901.250 4559
130901.500 4560
130901.750 4561
130902.000 4562
130902.250 4563
130902.500 4564
130902.750 4565
130903.000 4566
130903.250 4567
130903.500 4568
130903.750 4569
130904.000 4570
130904.250 4571
130904.500 4572
130904.750 4573
130905.000 4574
130905.250 4575
130905.500 4576
130905.750 4577
130906.000 4578
130906.250 4579
130906.500 4580
130906.750 4581
130907.000 4582
130907.250 4583
130907.500 4584
130907.750 4585
130908.000 4586
130908.250 4587
130908.500 4588
130908.750 4589
130909.000 4590
130909.250 4591
130909.500 4592
130909.750 4593
130910.000 4594
130910.250 4595
130910.500 4596
130910.750 4597
130911.000 4598
130911.250 4599
130911.500 4600
130911.750 4601
130912.000 4602
130912.250 4603
130912.500 4604
130912.750 4605
130913.000 4606
130913.250 4607
130913.500 4608
130913.750 4609
130914.000 4610
130914.250 4611
130914.500 4612
130914.750 4613
130915.000 4614
130915.250 4615
130915.500 4616
130915.750 4617
130916.000 4618
130916.250 4619
130916.500 4620
130916.750 4621
130917.000 4622
130917.250 4623
130917.500 4624
130917.750 4625
130918.000 4626
130918.250 4627
130918.500 4628
130918.750 4629
130919.000 4630
130919.250 4631
130919.500 4632
130919.750 4633
130920.000 4634
130920.250 4635
130920.500 4636
130920.750 4637
130921.000 4638
130921.250 4639
130921.500 4640
130921.750 4641
130922.000 4642
130922.250 4643
130922.500 4644
130922.750 4645
130923.000 4646
130923.250 4647
130923.500 4648
130923.750 4649
130924.000 4650
130924.250 4651
130924.500 4652
130924.750 4653
130925.000 4654
130925.250 4655
130925.500 4656
130925.750 4657
130926.000 4658
130926.250 4659
130926.500 4660
130926.750 4661
130927.000 4662
130927.250 4663
130927.500 4664
130927.750 4665
130928.000 4666
130928.250 4667
130928.500 4668
130928.750 4669
130929.000 4670
130929.250 4671
130929.500 4672
130929.750 4673
130930.000 4674
130930.250 4675
130930.500 4676
130930.750 4677
130931.000 4678
130931.250 4679
130931.500 4680
130931.750 4681
130932.000 4682
130932.250 4683
130932.500 4684
130932.750 4685
130933.000 4686
130933.250 4687
130933.500 4688
130933.750 4689
130934.000 4690
130934.250 4691
130934.500 4692
130934.750 4693
130935.000 4694
130935.250 4695
130935.500 4696
130935.750 4697
130936.000 4698
130936.250 4699
130936.500 4700
130936.750 4701
130937.000 4702
130937.250 4703
130937.500 4704
130937.750 4705
130938.000 4706
130938.250 4707
130938.500 4708
130938.750 4709
130939.000 4710
130939.250 4711
130939.500 4712
130939.750 4713
130940.000 4714
130940.250 4715
130940.500 4716
130940.750 4717
130941.000 4718
130941.250 4719
130941.500 4720
130941.750 4721
130942.000 4722
130942.250 4723
130942.500 4724
130942.750 4725
130943.000 4726
130943.250 4727
130943.500 4728
130943.750 4729
130944.000 4730
130944.250 4731
130944.500 4732
130944.750 4733
130945.000 4734
130945.250 4735
130945.500 4736
130945.750 4737
130946.000 4738
130946.250 4739
130946.500 4740
130946.750 4741
130947.000 4742
130947.250 4743
130947.500 4744
130947.750 4745
130948.000 4746
130948.250 4747
130948.500 4748
130948.750 4749
130949.000 4750
130949.250 4751
130949.500 4752
130949.750 4753
130950.000 4754
130950.250 4755
130950.500 4756
130950.750 4757
130951.000 4758
130951.250 4759
130951.500 4760
130951.750 4761
130952.000 4762
130952.250 4763
130952.500 4764
130952.750 4765
130953.000 4766
130953.250 4767
130953.500 4768
130953.750 4769
130954.000 4770
130954.250 4771
130954.500 4772
130954.750 4773
130955.000 4774
130955.250 4775
130955.500 4776
130955.750 4777
130956.000 4778
130956.250 4779
130956.500 4780
130956.750 4781
130957.000 4782
130957.250 4783
130957.500 4784
130957.750 4785
130958.000 4786
130958.250 4787
130958.500 4788
130958.750 4789
130959.000 4790
130959.250 4791
130959.500 4792
130959.750 4793
130960.000 4794
130960.250 4795
130960.500 4796
130960.750 4797
130961.000 4798
130961.250 4799
130961.500 4800
130961.750 4801
130962.000 4802
130962.250 4803
130962.500 4804
130962.750 4805
130963.000 4806
130963.250 4807
130963.500 4808
130963.750 4809
130964.000 4810
130964.250 4811
130964.500 4812
130964.750 4813
130965.000 4814
130965.250 4815
130965.500 4816
130965.750 4817
130966.000 4818
130966.250 4819
130966.500 4820
130966.750 4821
130967.000 4822
130967.250 4823
130967.500 4824
130967.750 4825
130968.000 4826
130968.250 4827
130968.500 4828
130968.750 4829
130969.000 4830
130969.250 4831
130969.500 4832
130969.750 4833
130970.000 4834
130970.250 4835
130970.500 4836
130970.750 4837
130971.000 4838
130971.250 4839
130971.500 4840
130971.750 4841
130972.000 4842
130972.250 4843
130972.500 4844
130972.750 4845
130973.000 4846
130973.250 4847
130973.500 4848
130973.750 4849
130974.000 4850
130974.250 4851
130974.500 4852
130974.750 4853
130975.000 4854
130975.250 4855
130975.500 4856
130975.750 4857
130976.000 4858
130976.250 4859
130976.500 4860
130976.750 4861
130977.000 4862
130977.250 4863
130977.500 4864
130977.750 4865
130978.000 4866
130978.250 4867
130978.500 4868
130978.750 4869
130979.000 4870
130979.250 4871
130979.500 4872
130979.750 4873
130980.000 4874
130980.250 4875
130980.500 4876
130980.750 4877
130981.000 4878
130981.250 4879
130981.500 4880
130981.750 4881
130982.000 4882
130982.250 4883
130982.500 4884
130982.750 4885
130983.000 4886
130983.250 4887
130983.500 4888
130983.750 4889
130984.000 4890
130984.250 4891
130984.500 4892
130984.750 4893
130985.000 4894
130985.250 4895
130985.500 4896
130985.750 4897
130986.000 4898
130986.250 4899
130986.500 4900
130986.750 4901
130987.000 4902
130987.250 4903
130987.500 4904
130987.750 4905
130988.000 4906
130988.250 4907
130988.500 4908
130988.750 4909
130989.000 4910
130989.250 4911
130989.500 4912
130989.750 4913
130990.000 4914
130990.250 4915
130990.500 4916
130990.750 4917
130991.000 4918
130991.250 4919
130991.500 4920
130991.750 4921
130992.000 4922
130992.250 4923
130992.500 4924
130992.750 4925
130993.000 4926
130993.250 4927
130993.500 4928
130993.750 4929
130994.000 4930
130994.250 4931
130994.500 4932
130994.750 4933
130995.000 4934
130995.250 4935
130995.500 4936
130995.750 4937
130996.000 4938
130996.250 4939
130996.500 4940
130996.750 4941
130997.000 4942
130997.250 4943
130997.500 4944
130997.750 4945
130998.000 4946
130998.250 4947
130998.500 4948
130998.750 4949
130999.000 4950
130999.250 4951
130999.500 4952
130999.750 4953
131000.000 4954
131000.250 4955
131000.500 4956
131000.750 4957
131001.000 4958
131001.250 4959
131001.500 4960
131001.750 4961
131002.000 4962
131002.250 4963
131002.500 4964
131002.750 4965
131003.000 4966
131003.250 4967
131003.500 4968
131003.750 4969
131004.000 4970
131004.250 4971
131004.500 4972
131004.750 4973
131005.000 4974
131005.250 4975
131005.500 4976
131005.750 4977
131006.000 4978
131006.250 4979
131006.500 4980
131006.750 4981
131007.000 4982
131007.250 4983
131007.500 4984
131007.750 4985
131008.000 4986
131008.250 4987
131008.500 4988
131008.750 4989
131009.000 4990
131009.250 4991
131009.500 4992
131009.750 4993
131010.000 4994
131010.250 4995
131010.500 4996
131010.750 4997
131011.000 4998
131011.250 4999
131011.500 5000
131011.750 5001
131012.000 5002
131012.250 5003
131012.500 5004
131012.750 5005
131013.000 5006
131013.250 5007
131013.500 5008
131013.750 5009
131014.000 5010
131014.250 5011
131014.500 5012
131014.750 5013
131015.000 5014
131015.250 5015
131015.500 5016
131015.750 5017
131016.000 5018
131016.250 5019
131016.500 5020
131016.750 5021
131017.000 5022
131017.250 5023
131017.500 5024
131017.750 5025
131018.000 5026
131018.250 5027
131018.500 5028
131018.750 5029
131019.000 5030
131019.250 5031
131019.500 5032
131019.750 5033
131020.000 5034
131020.250 5035
131020.500 5036
131020.750 5037
131021.000 5038
131021.250 5039
131021.500 5040
131021.750 5041
131022.000 5042
131022.250 5043
131022.500 5044
131022.750 5045
131023.000 5046
131023.250 5047
131023.500 5048
131023.750 5049
131024.000 5050
131024.250 5051
131024.500 5052
131024.750 5053
131025.000 5054
131025.250 5055
131025.500 5056
131025.750 5057
131026.000 5058
131026.250 5059
131026.500 5060
131026.750 5061
131027.000 5062
131027.250 5063
131027.500 5064
131027.750 5065
131028.000 5066
131028.250 5067
131028.500 5068
131028.750 5069
131029.000 5070
131029.250 5071
131029.500 5072
131029.750 5073
131030.000 5074
131030.250 5075
131030.500 5076
131030.750 5077
131031.000 5078
131031.250 5079
131031.500 5080
131031.750 5081
131032.000 5082
131032.250 5083
131032.500 5084
131032.750 5085
131033.000 5086
131033.250 5087
131033.500 5088
131033.750 5089
131034.000 5090
131034.250 5091
131034.500 5092
131034.750 5093
131035.000 5094
131035.250 5095
131035.500 5096
131035.750 5097
131036.000 5098
131036.250 5099
131036.500 5100
131036.750 5101
131037.000 5102
131037.250 5103
131037.500 5104
131037.750 5105
131038.000 5106
131038.250 5107
131038.500 5108
131038.750 5109
131039.000 5110
131039.250 5111
131039.500 5112
131039.750 5113
131040.000 5114
131040.250 5115
131040.500 5116
131040.750 5117
131041.000 5118
131041.250 5119
131041.500 5120
131041.750 5121
131042.000 5122
131042.250 5123
131042.500 5124
131042.750 5125
131043.000 5126
131043.250 5127
131043.500 5128
131043.750 5129
131044.000 5130
131044.250 5131
131044.500 5132
131044.750 5133
131045.000 5134
131045.250 5135
131045.500 5136
131045.750 5137
131046.000 5138
131046.250 5139
131046.500 5140
131046.750 5141
131047.000 5142
131047.250 5143
131047.500 5144
131047.750 5145
131048.000 5146
131048.250 5147
131048.500 5148
131048.750 5149
131049.000 5150
131049.250 5151
131049.500 5152
131049.750 5153
131050.000 5154
131050.250 5155
131050.500 5156
131050.750 5157
131051.000 5158
131051.250 5159
131051.500 5160
131051.750 5161
131052.000 5162
131052.250 5163
131052.500 5164
131052.750 5165
131053.000 5166
131053.250 5167
131053.500 5168
131053.750 5169
131054.000 5170
131054.250 5171
131054.500 5172
131054.750 5173
131055.000 5174
131055.250 5175
131055.500 5176
131055.750 5177
131056.000 5178
131056.250 5179
131056.500 5180
131056.750 5181
131057.000 5182
131057.250 5183
131057.500 5184
131057.750 5185
131058.000 5186
131058.250 5187
131058.500 5188
131058.750 5189
131059.000 5190
131059.250 5191
131059.500 5192
131059.750 5193
131060.000 5194
131060.250 5195
131060.500 5196
131060.750 5197
131061.000 5198
131061.250 5199
131061.500 5200
131061.750 5201
131062.000 5202
131062.250 5203
131062.500 5204
131062.750 5205
131063.000 5206
131063.250 5207
131063.500 5208
131063.750 5209
131064.000 5210
131064.250 5211
131064.500 5212
131064.750 5213
131065.000 5214
131065.250 5215
131065.500 5216
131065.750 5217
131066.000 5218
131066.250 5219
131066.500 5220
131066.750 5221
131067.000 5222
131067.250 5223
131067.500 5224
131067.750 5225
131068.000 5226
131068.250 5227
131068.500 5228
131068.750 5229
131069.000 5230
131069.250 5231
131069.500 5232
131069.750 5233
131070.000 5234
131070.250 5235
131070.500 5236
131070.750 5237
131071.000 5238
131071.250 5239
131071.500 5240
131071.750 5241
131072.000 5242
131072.250 5243
131072.500 5244
131072.750 5245
131073.000 5246
131073.250 5247
131073.500 5248
131073.750 5249
131074.000 5250
131074.250 5251
131074.500 5252
131074.750 5253
131075.000 5254
131075.250 5255
131075.500 5256
131075.750 5257
131076.000 5258
131076.250 5259
131076.500 5260
131076.750 5261
131077.000 5262
131077.250 5263
131077.500 5264
131077.750 5265
131078.000 5266
131078.250 5267
131078.500 5268
131078.750 5269
131079.000 5270
131079.250 5271
131079.500 5272
131079.750 5273
131080.000 5274
131080.250 5275
131080.500 5276
131080.750 5277
131081.000 5278
131081.250 5279
131081.500 5280
131081.750 5281
131082.000 5282
131082.250 5283
131082.500 5284
131082.750 5285
131083.000 5286
131083.250 5287
131083.500 5288
131083.750 5289
131084.000 5290
131084.250 5291
131084.500 5292
131084.750 5293
131085.000 5294
131085.250 5295
131085.500 5296
131085.750 5297
131086.000 5298
131086.250 5299
131086.500 5300
131086.750 5301
131087.000 5302
131087.250 5303
131087.500 5304
131087.750 5305
131088.000 5306
131088.250 5307
131088.500 5308
131088.750 5309
131089.000 5310
131089.250 5311
131089.500 5312
131089.750 5313
131090.000 5314
131090.250 5315
131090.500 5316
131090.750 5317
131091.000 5318
131091.250 5319
131091.500 5320
131091.750 5321
131092.000 5322
131092.250 5323
131092.500 5324
131092.750 5325
131093.000 5326
131093.250 5327
131093.500 5328
131093.750 5329
131094.000 5330
131094.250 5331
131094.500 5332
131094.750 5333
131095.000 5334
131095.250 5335
131095.500 5336
131095.750 5337
131096.000 5338
131096.250 5339
131096.500 5340
131096.750 5341
131097.000 5342
131097.250 5343
131097.500 5344
131097.750 5345
131098.000 5346
131098.250 5347
131098.500 5348
131098.750 5349
131099.000 5350
131099.250 5351
131099.500 5352
131099.750 5353
131100.000 5354
131100.250 5355
131100.500 5356
131100.750 5357
131101.000 5358
131101.250 5359
131101.500 5360
131101.750 5361
131102.000 5362
131102.250 5363
131102.500 5364
131102.750 5365
131103.000 5366
131103.250 5367
131103.500 5368
131103.750 5369
131104.000 5370
131104.250 5371
131104.500 5372
131104.750 5373
131105.000 5374
131105.250 5375
131105.500 5376
131105.750 5377
131106.000 5378
131106.250 5379
131106.500 5380
131106.750 5381
131107.000 5382
131107.250 5383
131107.500 5384
131107.750 5385
131108.000 5386
131108.250 5387
131108.500 5388
131108.750 5389
131109.000 5390
131109.250 5391
131109.500 5392
131109.750 5393
131110.000 5394
131110.250 5395
131110.500 5396
131110.750 5397
131111.000 5398
131111.250 5399
131111.500 5400
131111.750 5401
131112.000 5402
131112.250 5403
131112.500 5404
131112.750 5405
131113.000 5406
131113.250 5407
131113.500 5408
131113.750 5409
131114.000 5410
131114.250 5411
131114.500 5412
131114.750 5413
131115.000 5414
131115.250 5415
131115.500 5416
131115.750 5417
131116.000 5418
131116.250 5419
131116.500 5420
131116.750 5421
131117.000 5422
131117.250 5423
131117.500 5424
131117.750 5425
131118.000 5426
131118.250 5427
131118.500 5428
131118.750 5429
131119.000 5430
131119.250 5431
131119.500 5432
131119.750 5433
131120.000 5434
131120.250 5435
131120.500 5436
131120.750 5437
131121.000 5438
131121.250 5439
131121.500 5440
131121.750 5441
131122.000 5442
131122.250 5443
131122.500 5444
131122.750 5445
131123.000 5446
131123.250 5447
131123.500 5448
131123.750 5449
131124.000 5450
131124.250 5451
131124.500 5452
131124.750 5453
131125.000 5454
131125.250 5455
131125.500 5456
131125.750 5457
131126.000 5458
131126.250 5459
131126.500 5460
131126.750 5461
131127.000 5462
131127.250 5463
131127.500 5464
131127.750 5465
131128.000 5466
131128.250 5467
131128.500 5468
131128.750 5469
131129.000 5470
131129.250 5471
131129.500 5472
131129.750 5473
131130.000 5474
131130.250 5475
131130.500 5476
131130.750 5477
131131.000 5478
131131.250 5479
131131.500 5480
131131.750 5481
131132.000 5482
131132.250 5483
131132.500 5484
131132.750 5485
131133.000 5486
131133.250 5487
131133.500 5488
131133.750 5489
131134.000 5490
131134.250 5491
131134.500 5492
131134.750 5493
131135.000 5494
131135.250 5495
131135.500 5496
131135.750 5497
131136.000 5498
131136.250 5499
131136.500 5500
131136.750 5501
131137.000 5502
131137.250 5503
131137.500 5504
131137.750 5505
131138.000 5506
131138.250 5507
131138.500 5508
131138.750 5509
131139.000 5510
131139.250 5511
131139.500 5512
131139.750 5513
131140.000 5514
131140.250 5515
131140.500 5516
131140.750 5517
131141.000 5518
131141.250 5519
131141.500 5520
131141.750 5521
131142.000 5522
131142.250 5523
131142.500 5524
131142.750 5525
131143.000 5526
131143.250 5527
131143.500 5528
131143.750 5529
131144.000 5530
131144.250 5531
131144.500 5532
131144.750 5533
131145.000 5534
131145.250 5535
131145.500 5536
131145.750 5537
131146.000 5538
131146.250 5539
131146.500 5540
131146.750 5541
131147.000 5542
131147.250 5543
131147.500 5544
131147.750 5545
131148.000 5546
131148.250 5547
131148.500 5548
131148.750 5549
131149.000 5550
131149.250 5551
131149.500 5552
131149.750 5553
131150.000 5554
131150.250 5555
131150.500 5556
131150.750 5557
131151.000 5558
131151.250 5559
131151.500 5560
131151.750 5561
131152.000 5562
131152.250 5563
131152.500 5564
131152.750 5565
131153.000 5566
131153.250 5567
131153.500 5568
131153.750 5569
131154.000 5570
131154.250 5571
131154.500 5572
131154.750 5573
131155.000 5574
131155.250 5575
131155.500 5576
131155.750 5577
131156.000 5578
131156.250 5579
131156.500 5580
131156.750 5581
131157.000 5582
131157.250 5583
131157.500 5584
131157.750 5585
131158.000 5586
131158.250 5587
131158.500 5588
131158.750 5589
131159.000 5590
131159.250 5591
131159.500 5592
131159.750 5593
131160.000 5594
131160.250 5595
131160.500 5596
131160.750 5597
131161.000 5598
131161.250 5599
131161.500 5600
131161.750 5601
131162.000 5602
131162.250 5603
131162.500 5604
131162.750 5605
131163.000 5606
131163.250 5607
131163.500 5608
131163.750 5609
131164.000 5610
131164.250 5611
131164.500 5612
131164.750 5613
131165.000 5614
131165.250 5615
131165.500 5616
131165.750 5617
131166.000 5618
131166.250 5619
131166.500 5620
131166.750 5621
131167.000 5622
131167.250 5623
131167.500 5624
131167.750 5625
131168.000 5626
131168.250 5627
131168.500 5628
131168.750 5629
131169.000 5630
131169.250 5631
131169.500 5632
131169.750 5633
131170.000 5634
131170.250 5635
131170.500 5636
131170.750 5637
131171.000 5638
131171.250 5639
131171.500 5640
131171.750 5641
131172.000 5642
131172.250 5643
131172.500 5644
131172.750 5645
131173.000 5646
131173.250 5647
131173.500 5648
131173.750 5649
131174.000 5650
131174.250 5651
131174.500 5652
131174.750 5653
131175.000 5654
131175.250 5655
131175.500 5656
131175.750 5657
131176.000 5658
131176.250 5659
131176.500 5660
131176.750 5661
131177.000 5662
131177.250 5663
131177.500 5664
131177.750 5665
131178.000 5666
131178.250 5667
131178.500 5668
131178.750 5669
131179.000 5670
131179.250 5671
131179.500 5672
131179.750 5673
131180.000 5674
131180.250 5675
131180.500 5676
131180.750 5677
131181.000 5678
131181.250 5679
131181.500 5680
131181.750 5681
131182.000 5682
131182.250 5683
131182.500 5684
131182.750 5685
131183.000 5686
131183.250 5687
131183.500 5688
131183.750 5689
131184.000 5690
131184.250 5691
131184.500 5692
131184.750 5693
131185.000 5694
131185.250 5695
131185.500 5696
131185.750 5697
131186.000 5698
131186.250 5699
131186.500 5700
131186.750 5701
131187.000 5702
131187.250 5703
131187.500 5704
131187.750 5705
131188.000 5706
131188.250 5707
131188.500 5708
131188.750 5709
131189.000 5710
131189.250 5711
131189.500 5712
131189.750 5713
131190.000 5714
131190.250 5715
131190.500 5716
131190.750 5717
131191.000 5718
131191.250 5719
131191.500 5720
131191.750 5721
131192.000 5722
131192.250 5723
131192.500 5724
131192.750 5725
131193.000 5726
131193.250 5727
131193.500 5728
131193.750 5729
131194.000 5730
131194.250 5731
131194.500 5732
131194.750 5733
131195.000 5734
131195.250 5735
131195.500 5736
131195.750 5737
131196.000 5738
131196.250 5739
131196.500 5740
131196.750 5741
131197.000 5742
131197.250 5743
131197.500 5744
131197.750 5745
131198.000 5746
131198.250 5747
131198.500 5748
131198.750 5749
131199.000 5750
131199.250 5751
131199.500 5752
131199.750 5753
131200.000 5754
131200.250 5755
131200.500 5756
131200.750 5757
131201.000 5758
131201.250 5759
131201.500 5760
131201.750 5761
131202.000 5762
131202.250 5763
131202.500 5764
131202.750 5765
131203.000 5766
